[aiter] import [module_aiter_enum] under /usr/local/lib/python3.12/dist-packages/aiter/jit/module_aiter_enum.so
Device: 
Architecture: gfx950
Tuning M=32, N=3072, K=3072 with 3457 configs...
  Config 0: 47.52 us, 13.19 TFLOPS (NEW BEST) 45.80 us None
  Config 1: 22.48 us, 28.70 TFLOPS (NEW BEST) 21.04 us {'BLOCK_SIZE_M': 4, 'BLOCK_SIZE_N': 16, 'BLOCK_SIZE_K': 128, 'GROUP_SIZE_M': 1, 'num_warps': 2, 'num_stages': 1, 'waves_per_eu': 1, 'matrix_instr_nonkdim': 16, 'cache_modifier': None, 'NUM_KSPLIT': 1, 'SPLITK_BLOCK_SIZE': 3072, 'GROUP_K': 128, 'GROUP_N': 128}
  Config 2: 17.56 us, 37.47 TFLOPS (NEW BEST) 16.12 us {'BLOCK_SIZE_M': 4, 'BLOCK_SIZE_N': 16, 'BLOCK_SIZE_K': 128, 'GROUP_SIZE_M': 1, 'num_warps': 2, 'num_stages': 1, 'waves_per_eu': 1, 'matrix_instr_nonkdim': 16, 'cache_modifier': None, 'NUM_KSPLIT': 2, 'SPLITK_BLOCK_SIZE': 1536, 'GROUP_K': 128, 'GROUP_N': 128}
 18.28 us is not better than 16.96 us
  Config 5: 16.32 us, 38.42 TFLOPS (NEW BEST) 15.72 us {'BLOCK_SIZE_M': 4, 'BLOCK_SIZE_N': 16, 'BLOCK_SIZE_K': 128, 'GROUP_SIZE_M': 1, 'num_warps': 2, 'num_stages': 1, 'waves_per_eu': 1, 'matrix_instr_nonkdim': 16, 'cache_modifier': '.cg', 'NUM_KSPLIT': 2, 'SPLITK_BLOCK_SIZE': 1536, 'GROUP_K': 128, 'GROUP_N': 128}
 17.36 us is not better than 16.80 us
 17.32 us is not better than 15.92 us
 18.12 us is not better than 16.80 us
  Config 11: 16.24 us, 38.62 TFLOPS (NEW BEST) 15.64 us {'BLOCK_SIZE_M': 4, 'BLOCK_SIZE_N': 16, 'BLOCK_SIZE_K': 128, 'GROUP_SIZE_M': 1, 'num_warps': 2, 'num_stages': 1, 'waves_per_eu': 2, 'matrix_instr_nonkdim': 16, 'cache_modifier': '.cg', 'NUM_KSPLIT': 2, 'SPLITK_BLOCK_SIZE': 1536, 'GROUP_K': 128, 'GROUP_N': 128}
 17.20 us is not better than 16.60 us
 17.32 us is not better than 15.88 us
 18.12 us is not better than 16.80 us
 16.24 us is not better than 15.64 us
 17.12 us is not better than 16.52 us
 16.36 us is not better than 14.88 us
 17.12 us is not better than 15.72 us
  Config 23: 15.24 us, 41.03 TFLOPS (NEW BEST) 14.72 us {'BLOCK_SIZE_M': 4, 'BLOCK_SIZE_N': 16, 'BLOCK_SIZE_K': 128, 'GROUP_SIZE_M': 1, 'num_warps': 2, 'num_stages': 2, 'waves_per_eu': 1, 'matrix_instr_nonkdim': 16, 'cache_modifier': '.cg', 'NUM_KSPLIT': 2, 'SPLITK_BLOCK_SIZE': 1536, 'GROUP_K': 128, 'GROUP_N': 128}
 16.04 us is not better than 15.48 us
 16.32 us is not better than 14.88 us
 17.04 us is not better than 15.68 us
 15.44 us is not better than 14.88 us
 16.04 us is not better than 15.52 us
 16.44 us is not better than 14.96 us
 17.20 us is not better than 15.80 us
 15.24 us is not better than 14.72 us
 16.04 us is not better than 15.52 us
 17.36 us is not better than 15.96 us
 16.32 us is not better than 15.72 us
 17.32 us is not better than 16.72 us
 17.20 us is not better than 15.80 us
 18.08 us is not better than 16.72 us
 16.08 us is not better than 15.48 us
 17.20 us is not better than 16.60 us
 17.32 us is not better than 15.88 us
 16.24 us is not better than 15.64 us
 17.20 us is not better than 16.64 us
 16.48 us is not better than 15.00 us
 17.24 us is not better than 15.80 us
 15.48 us is not better than 14.88 us
 16.12 us is not better than 15.56 us
 16.48 us is not better than 15.00 us
 17.20 us is not better than 15.80 us
 15.44 us is not better than 14.84 us
 16.04 us is not better than 15.52 us
 16.48 us is not better than 14.96 us
 17.20 us is not better than 15.80 us
 15.44 us is not better than 14.88 us
 16.04 us is not better than 15.52 us
 17.76 us is not better than 16.40 us
 15.96 us is not better than 14.76 us
 16.54 us is not better than 16.04 us
  Config 150: 15.08 us, 41.60 TFLOPS (NEW BEST) 14.52 us {'BLOCK_SIZE_M': 4, 'BLOCK_SIZE_N': 32, 'BLOCK_SIZE_K': 128, 'GROUP_SIZE_M': 1, 'num_warps': 2, 'num_stages': 1, 'waves_per_eu': 1, 'matrix_instr_nonkdim': 16, 'cache_modifier': '.cg', 'NUM_KSPLIT': 4, 'SPLITK_BLOCK_SIZE': 768, 'GROUP_K': 128, 'GROUP_N': 128}
 17.60 us is not better than 16.26 us
 15.92 us is not better than 14.72 us
 16.36 us is not better than 15.92 us
  Config 156: 15.00 us, 41.83 TFLOPS (NEW BEST) 14.44 us {'BLOCK_SIZE_M': 4, 'BLOCK_SIZE_N': 32, 'BLOCK_SIZE_K': 128, 'GROUP_SIZE_M': 1, 'num_warps': 2, 'num_stages': 1, 'waves_per_eu': 2, 'matrix_instr_nonkdim': 16, 'cache_modifier': '.cg', 'NUM_KSPLIT': 4, 'SPLITK_BLOCK_SIZE': 768, 'GROUP_K': 128, 'GROUP_N': 128}
 17.52 us is not better than 16.20 us
 15.88 us is not better than 14.72 us
 16.28 us is not better than 15.84 us
 15.00 us is not better than 14.44 us
 15.60 us is not better than 14.64 us
  Config 168: 14.88 us, 41.60 TFLOPS (NEW BEST) 14.52 us {'BLOCK_SIZE_M': 4, 'BLOCK_SIZE_N': 32, 'BLOCK_SIZE_K': 128, 'GROUP_SIZE_M': 1, 'num_warps': 2, 'num_stages': 2, 'waves_per_eu': 1, 'matrix_instr_nonkdim': 16, 'cache_modifier': '.cg', 'NUM_KSPLIT': 4, 'SPLITK_BLOCK_SIZE': 768, 'GROUP_K': 128, 'GROUP_N': 128}
 15.60 us is not better than 14.64 us
 14.88 us is not better than 14.52 us
 15.60 us is not better than 14.56 us
  Config 180: 14.84 us, 41.83 TFLOPS (NEW BEST) 14.44 us {'BLOCK_SIZE_M': 4, 'BLOCK_SIZE_N': 32, 'BLOCK_SIZE_K': 128, 'GROUP_SIZE_M': 1, 'num_warps': 2, 'num_stages': 2, 'waves_per_eu': 4, 'matrix_instr_nonkdim': 16, 'cache_modifier': '.cg', 'NUM_KSPLIT': 4, 'SPLITK_BLOCK_SIZE': 768, 'GROUP_K': 128, 'GROUP_N': 128}
 16.00 us is not better than 14.80 us
 16.52 us is not better than 16.04 us
 15.08 us is not better than 14.52 us
 17.60 us is not better than 16.28 us
 15.92 us is not better than 14.72 us
 16.40 us is not better than 15.96 us
 14.92 us is not better than 14.36 us
 17.36 us is not better than 16.04 us
 15.72 us is not better than 14.60 us
 16.08 us is not better than 15.68 us
 14.88 us is not better than 14.40 us
 15.64 us is not better than 14.64 us
 14.92 us is not better than 14.56 us
 15.60 us is not better than 14.64 us
 14.88 us is not better than 14.52 us
 15.60 us is not better than 14.56 us
 14.88 us is not better than 14.44 us
 15.60 us is not better than 14.44 us
  Config 294: 14.72 us, 42.65 TFLOPS (NEW BEST) 14.16 us {'BLOCK_SIZE_M': 4, 'BLOCK_SIZE_N': 64, 'BLOCK_SIZE_K': 128, 'GROUP_SIZE_M': 1, 'num_warps': 2, 'num_stages': 1, 'waves_per_eu': 1, 'matrix_instr_nonkdim': 16, 'cache_modifier': '.cg', 'NUM_KSPLIT': 4, 'SPLITK_BLOCK_SIZE': 768, 'GROUP_K': 128, 'GROUP_N': 128}
 15.64 us is not better than 14.44 us
  Config 300: 14.68 us, 42.77 TFLOPS (NEW BEST) 14.12 us {'BLOCK_SIZE_M': 4, 'BLOCK_SIZE_N': 64, 'BLOCK_SIZE_K': 128, 'GROUP_SIZE_M': 1, 'num_warps': 2, 'num_stages': 1, 'waves_per_eu': 2, 'matrix_instr_nonkdim': 16, 'cache_modifier': '.cg', 'NUM_KSPLIT': 4, 'SPLITK_BLOCK_SIZE': 768, 'GROUP_K': 128, 'GROUP_N': 128}
 15.80 us is not better than 14.60 us
 14.88 us is not better than 14.24 us
 15.60 us is not better than 14.36 us
 16.32 us is not better than 15.92 us
  Config 312: 14.64 us, 43.02 TFLOPS (NEW BEST) 14.04 us {'BLOCK_SIZE_M': 4, 'BLOCK_SIZE_N': 64, 'BLOCK_SIZE_K': 128, 'GROUP_SIZE_M': 1, 'num_warps': 2, 'num_stages': 2, 'waves_per_eu': 1, 'matrix_instr_nonkdim': 16, 'cache_modifier': '.cg', 'NUM_KSPLIT': 4, 'SPLITK_BLOCK_SIZE': 768, 'GROUP_K': 128, 'GROUP_N': 128}
 15.64 us is not better than 14.44 us
 14.68 us is not better than 14.12 us
 15.48 us is not better than 14.40 us
  Config 324: 14.52 us, 43.27 TFLOPS (NEW BEST) 13.96 us {'BLOCK_SIZE_M': 4, 'BLOCK_SIZE_N': 64, 'BLOCK_SIZE_K': 128, 'GROUP_SIZE_M': 1, 'num_warps': 2, 'num_stages': 2, 'waves_per_eu': 4, 'matrix_instr_nonkdim': 16, 'cache_modifier': '.cg', 'NUM_KSPLIT': 4, 'SPLITK_BLOCK_SIZE': 768, 'GROUP_K': 128, 'GROUP_N': 128}
 16.28 us is not better than 15.04 us
 15.38 us is not better than 14.76 us
 16.20 us is not better than 14.96 us
 15.24 us is not better than 14.68 us
 16.16 us is not better than 14.96 us
 15.24 us is not better than 14.64 us
 15.88 us is not better than 14.68 us
 15.00 us is not better than 14.44 us
 15.88 us is not better than 14.68 us
 15.00 us is not better than 14.44 us
 15.88 us is not better than 14.68 us
 15.04 us is not better than 14.48 us
 15.48 us is not better than 14.28 us
 14.56 us is not better than 14.00 us
 15.44 us is not better than 14.24 us
  Config 372: 14.52 us, 43.27 TFLOPS (NEW BEST) 13.96 us {'BLOCK_SIZE_M': 4, 'BLOCK_SIZE_N': 64, 'BLOCK_SIZE_K': 128, 'GROUP_SIZE_M': 4, 'num_warps': 2, 'num_stages': 1, 'waves_per_eu': 2, 'matrix_instr_nonkdim': 16, 'cache_modifier': '.cg', 'NUM_KSPLIT': 4, 'SPLITK_BLOCK_SIZE': 768, 'GROUP_K': 128, 'GROUP_N': 128}
 15.64 us is not better than 14.40 us
 14.72 us is not better than 14.08 us
 15.48 us is not better than 14.20 us
 16.12 us is not better than 15.76 us
  Config 384: 14.48 us, 43.39 TFLOPS (NEW BEST) 13.92 us {'BLOCK_SIZE_M': 4, 'BLOCK_SIZE_N': 64, 'BLOCK_SIZE_K': 128, 'GROUP_SIZE_M': 4, 'num_warps': 2, 'num_stages': 2, 'waves_per_eu': 1, 'matrix_instr_nonkdim': 16, 'cache_modifier': '.cg', 'NUM_KSPLIT': 4, 'SPLITK_BLOCK_SIZE': 768, 'GROUP_K': 128, 'GROUP_N': 128}
 15.48 us is not better than 14.28 us
 14.60 us is not better than 14.00 us
 15.36 us is not better than 14.24 us
 14.56 us is not better than 13.96 us
 16.28 us is not better than 15.04 us
 15.40 us is not better than 14.76 us
 16.20 us is not better than 14.96 us
 15.28 us is not better than 14.64 us
 16.16 us is not better than 14.92 us
 15.24 us is not better than 14.64 us
 15.88 us is not better than 14.68 us
 15.00 us is not better than 14.44 us
 15.88 us is not better than 14.72 us
 15.00 us is not better than 14.44 us
 15.88 us is not better than 14.68 us
 15.00 us is not better than 14.44 us
 15.52 us is not better than 14.28 us
 14.52 us is not better than 14.00 us
 15.96 us is not better than 14.68 us
 15.04 us is not better than 14.40 us
 15.72 us is not better than 14.48 us
 14.72 us is not better than 14.16 us
 15.36 us is not better than 14.16 us
  Config 456: 14.12 us, 43.89 TFLOPS (NEW BEST) 13.76 us {'BLOCK_SIZE_M': 4, 'BLOCK_SIZE_N': 128, 'BLOCK_SIZE_K': 128, 'GROUP_SIZE_M': 1, 'num_warps': 2, 'num_stages': 2, 'waves_per_eu': 1, 'matrix_instr_nonkdim': 16, 'cache_modifier': '.cg', 'NUM_KSPLIT': 4, 'SPLITK_BLOCK_SIZE': 768, 'GROUP_K': 128, 'GROUP_N': 128}
 14.88 us is not better than 13.68 us
  Config 462: 13.84 us, 45.21 TFLOPS (NEW BEST) 13.36 us {'BLOCK_SIZE_M': 4, 'BLOCK_SIZE_N': 128, 'BLOCK_SIZE_K': 128, 'GROUP_SIZE_M': 1, 'num_warps': 2, 'num_stages': 2, 'waves_per_eu': 2, 'matrix_instr_nonkdim': 16, 'cache_modifier': '.cg', 'NUM_KSPLIT': 4, 'SPLITK_BLOCK_SIZE': 768, 'GROUP_K': 128, 'GROUP_N': 128}
 14.84 us is not better than 13.64 us
  Config 468: 13.80 us, 45.48 TFLOPS (NEW BEST) 13.28 us {'BLOCK_SIZE_M': 4, 'BLOCK_SIZE_N': 128, 'BLOCK_SIZE_K': 128, 'GROUP_SIZE_M': 1, 'num_warps': 2, 'num_stages': 2, 'waves_per_eu': 4, 'matrix_instr_nonkdim': 16, 'cache_modifier': '.cg', 'NUM_KSPLIT': 4, 'SPLITK_BLOCK_SIZE': 768, 'GROUP_K': 128, 'GROUP_N': 128}
 16.12 us is not better than 15.04 us
 15.28 us is not better than 14.76 us
 15.56 us is not better than 14.92 us
 16.32 us is not better than 15.16 us
 15.52 us is not better than 14.88 us
 16.04 us is not better than 14.72 us
 15.04 us is not better than 14.32 us
 15.88 us is not better than 14.72 us
 14.92 us is not better than 14.36 us
 15.80 us is not better than 14.64 us
 14.88 us is not better than 14.28 us
 15.48 us is not better than 14.28 us
 14.52 us is not better than 14.04 us
 15.96 us is not better than 14.72 us
 15.20 us is not better than 14.60 us
 15.88 us is not better than 14.68 us
 14.96 us is not better than 14.36 us
 15.48 us is not better than 14.28 us
 14.28 us is not better than 13.88 us
 15.04 us is not better than 13.84 us
 13.96 us is not better than 13.44 us
 15.00 us is not better than 13.80 us
 13.96 us is not better than 13.44 us
 15.44 us is not better than 14.84 us
 15.76 us is not better than 15.08 us
 15.72 us is not better than 15.00 us
 16.16 us is not better than 14.84 us
 15.20 us is not better than 14.52 us
 16.00 us is not better than 14.88 us
 15.16 us is not better than 14.56 us
 15.92 us is not better than 14.76 us
 15.08 us is not better than 14.52 us
 14.24 us is not better than 13.12 us
 15.56 us is not better than 15.16 us
  Config 582: 13.44 us, 46.75 TFLOPS (NEW BEST) 12.92 us {'BLOCK_SIZE_M': 8, 'BLOCK_SIZE_N': 16, 'BLOCK_SIZE_K': 128, 'GROUP_SIZE_M': 1, 'num_warps': 2, 'num_stages': 1, 'waves_per_eu': 1, 'matrix_instr_nonkdim': 16, 'cache_modifier': '.cg', 'NUM_KSPLIT': 4, 'SPLITK_BLOCK_SIZE': 768, 'GROUP_K': 128, 'GROUP_N': 128}
 14.28 us is not better than 13.16 us
  Config 588: 13.40 us, 46.89 TFLOPS (NEW BEST) 12.88 us {'BLOCK_SIZE_M': 8, 'BLOCK_SIZE_N': 16, 'BLOCK_SIZE_K': 128, 'GROUP_SIZE_M': 1, 'num_warps': 2, 'num_stages': 1, 'waves_per_eu': 2, 'matrix_instr_nonkdim': 16, 'cache_modifier': '.cg', 'NUM_KSPLIT': 4, 'SPLITK_BLOCK_SIZE': 768, 'GROUP_K': 128, 'GROUP_N': 128}
 14.28 us is not better than 13.12 us
 13.40 us is not better than 12.88 us
 15.84 us is not better than 14.40 us
 14.04 us is not better than 12.92 us
 14.36 us is not better than 13.96 us
  Config 600: 13.12 us, 47.78 TFLOPS (NEW BEST) 12.64 us {'BLOCK_SIZE_M': 8, 'BLOCK_SIZE_N': 16, 'BLOCK_SIZE_K': 128, 'GROUP_SIZE_M': 1, 'num_warps': 2, 'num_stages': 2, 'waves_per_eu': 1, 'matrix_instr_nonkdim': 16, 'cache_modifier': '.cg', 'NUM_KSPLIT': 4, 'SPLITK_BLOCK_SIZE': 768, 'GROUP_K': 128, 'GROUP_N': 128}
 14.04 us is not better than 12.92 us
 14.36 us is not better than 14.00 us
  Config 606: 13.08 us, 47.78 TFLOPS (NEW BEST) 12.64 us {'BLOCK_SIZE_M': 8, 'BLOCK_SIZE_N': 16, 'BLOCK_SIZE_K': 128, 'GROUP_SIZE_M': 1, 'num_warps': 2, 'num_stages': 2, 'waves_per_eu': 2, 'matrix_instr_nonkdim': 16, 'cache_modifier': '.cg', 'NUM_KSPLIT': 4, 'SPLITK_BLOCK_SIZE': 768, 'GROUP_K': 128, 'GROUP_N': 128}
 14.04 us is not better than 12.92 us
 14.36 us is not better than 14.00 us
 13.16 us is not better than 12.68 us
 14.12 us is not better than 13.04 us
 13.28 us is not better than 12.80 us
 14.12 us is not better than 13.00 us
 13.24 us is not better than 12.76 us
 14.12 us is not better than 12.96 us
 13.24 us is not better than 12.76 us
 15.72 us is not better than 14.28 us
 13.88 us is not better than 12.80 us
 14.16 us is not better than 13.80 us
  Config 672: 13.00 us, 48.09 TFLOPS (NEW BEST) 12.56 us {'BLOCK_SIZE_M': 8, 'BLOCK_SIZE_N': 16, 'BLOCK_SIZE_K': 128, 'GROUP_SIZE_M': 4, 'num_warps': 2, 'num_stages': 2, 'waves_per_eu': 1, 'matrix_instr_nonkdim': 16, 'cache_modifier': '.cg', 'NUM_KSPLIT': 4, 'SPLITK_BLOCK_SIZE': 768, 'GROUP_K': 128, 'GROUP_N': 128}
 13.88 us is not better than 12.76 us
 14.20 us is not better than 13.84 us
  Config 678: 12.92 us, 48.24 TFLOPS (NEW BEST) 12.52 us {'BLOCK_SIZE_M': 8, 'BLOCK_SIZE_N': 16, 'BLOCK_SIZE_K': 128, 'GROUP_SIZE_M': 4, 'num_warps': 2, 'num_stages': 2, 'waves_per_eu': 2, 'matrix_instr_nonkdim': 16, 'cache_modifier': '.cg', 'NUM_KSPLIT': 4, 'SPLITK_BLOCK_SIZE': 768, 'GROUP_K': 128, 'GROUP_N': 128}
 13.92 us is not better than 12.80 us
 14.20 us is not better than 13.84 us
 12.96 us is not better than 12.56 us
 13.48 us is not better than 12.40 us
  Config 726: 12.44 us, 49.83 TFLOPS (NEW BEST) 12.12 us {'BLOCK_SIZE_M': 8, 'BLOCK_SIZE_N': 32, 'BLOCK_SIZE_K': 128, 'GROUP_SIZE_M': 1, 'num_warps': 2, 'num_stages': 1, 'waves_per_eu': 1, 'matrix_instr_nonkdim': 16, 'cache_modifier': '.cg', 'NUM_KSPLIT': 4, 'SPLITK_BLOCK_SIZE': 768, 'GROUP_K': 128, 'GROUP_N': 128}
 13.44 us is not better than 12.40 us
 12.44 us is not better than 12.12 us
 13.44 us is not better than 12.40 us
 12.44 us is not better than 12.12 us
 14.32 us is not better than 13.24 us
 13.24 us is not better than 12.96 us
 14.32 us is not better than 13.20 us
 13.24 us is not better than 12.84 us
 14.32 us is not better than 13.20 us
 13.20 us is not better than 12.84 us
 13.64 us is not better than 12.56 us
 12.60 us is not better than 12.24 us
 13.64 us is not better than 12.56 us
 12.64 us is not better than 12.28 us
 13.60 us is not better than 12.52 us
 12.64 us is not better than 12.28 us
 14.36 us is not better than 13.32 us
 13.40 us is not better than 13.08 us
 14.40 us is not better than 13.28 us
 13.36 us is not better than 12.92 us
 14.36 us is not better than 13.24 us
 13.36 us is not better than 12.92 us
 13.96 us is not better than 12.84 us
 12.96 us is not better than 12.56 us
 13.88 us is not better than 12.80 us
 12.84 us is not better than 12.44 us
 13.92 us is not better than 12.76 us
 12.76 us is not better than 12.36 us
 13.80 us is not better than 12.60 us
 12.64 us is not better than 12.20 us
 14.16 us is not better than 12.96 us
 13.04 us is not better than 12.60 us
 14.04 us is not better than 12.84 us
 12.88 us is not better than 12.48 us
 13.76 us is not better than 12.68 us
 12.72 us is not better than 12.36 us
 13.64 us is not better than 12.52 us
 12.60 us is not better than 12.28 us
 13.64 us is not better than 12.56 us
 12.60 us is not better than 12.24 us
 14.40 us is not better than 13.20 us
 13.16 us is not better than 12.80 us
 14.48 us is not better than 13.20 us
 13.20 us is not better than 12.84 us
 14.48 us is not better than 13.20 us
 13.20 us is not better than 12.80 us
 13.84 us is not better than 12.72 us
 12.76 us is not better than 12.40 us
 13.80 us is not better than 12.68 us
 12.68 us is not better than 12.32 us
 13.80 us is not better than 12.64 us
 12.64 us is not better than 12.24 us
 13.68 us is not better than 12.48 us
 12.48 us is not better than 12.08 us
 14.00 us is not better than 12.84 us
 12.88 us is not better than 12.48 us
 14.00 us is not better than 12.84 us
 12.88 us is not better than 12.48 us
 13.80 us is not better than 12.64 us
 12.68 us is not better than 12.32 us
 13.64 us is not better than 12.52 us
 12.56 us is not better than 12.24 us
 13.64 us is not better than 12.52 us
 12.52 us is not better than 12.20 us
 14.40 us is not better than 13.16 us
 13.16 us is not better than 12.76 us
 14.48 us is not better than 13.20 us
 13.20 us is not better than 12.84 us
 14.48 us is not better than 13.20 us
 13.20 us is not better than 12.84 us
 14.16 us is not better than 13.56 us
 14.60 us is not better than 13.32 us
 13.28 us is not better than 12.88 us
 14.56 us is not better than 13.36 us
 13.40 us is not better than 12.92 us
 14.48 us is not better than 13.28 us
 13.32 us is not better than 12.84 us
 14.80 us is not better than 13.60 us
 13.76 us is not better than 13.24 us
 14.84 us is not better than 13.60 us
 13.84 us is not better than 13.28 us
 14.84 us is not better than 13.60 us
 13.88 us is not better than 13.32 us
 14.48 us is not better than 13.24 us
 13.36 us is not better than 12.84 us
 14.96 us is not better than 13.68 us
 13.84 us is not better than 13.28 us
 14.88 us is not better than 13.56 us
 13.80 us is not better than 13.24 us
 14.60 us is not better than 13.36 us
 13.28 us is not better than 12.88 us
 14.56 us is not better than 13.36 us
 13.40 us is not better than 12.92 us
 14.48 us is not better than 13.28 us
 13.28 us is not better than 12.84 us
 14.80 us is not better than 13.60 us
 13.84 us is not better than 13.28 us
 14.84 us is not better than 13.64 us
 13.84 us is not better than 13.36 us
 14.88 us is not better than 13.64 us
 13.84 us is not better than 13.28 us
 14.36 us is not better than 13.08 us
 13.16 us is not better than 12.64 us
 14.80 us is not better than 13.48 us
 13.68 us is not better than 13.12 us
 14.76 us is not better than 13.44 us
 13.64 us is not better than 13.08 us
 12.96 us is not better than 11.88 us
  Config 1158: 11.92 us, 52.43 TFLOPS (NEW BEST) 11.52 us {'BLOCK_SIZE_M': 16, 'BLOCK_SIZE_N': 16, 'BLOCK_SIZE_K': 128, 'GROUP_SIZE_M': 1, 'num_warps': 2, 'num_stages': 1, 'waves_per_eu': 1, 'matrix_instr_nonkdim': 16, 'cache_modifier': '.cg', 'NUM_KSPLIT': 4, 'SPLITK_BLOCK_SIZE': 768, 'GROUP_K': 128, 'GROUP_N': 128}
 13.04 us is not better than 11.92 us
 11.92 us is not better than 11.56 us
 13.00 us is not better than 11.88 us
 11.92 us is not better than 11.52 us
 12.56 us is not better than 11.44 us
  Config 1176: 11.48 us, 54.31 TFLOPS (NEW BEST) 11.12 us {'BLOCK_SIZE_M': 16, 'BLOCK_SIZE_N': 16, 'BLOCK_SIZE_K': 128, 'GROUP_SIZE_M': 1, 'num_warps': 2, 'num_stages': 2, 'waves_per_eu': 1, 'matrix_instr_nonkdim': 16, 'cache_modifier': '.cg', 'NUM_KSPLIT': 4, 'SPLITK_BLOCK_SIZE': 768, 'GROUP_K': 128, 'GROUP_N': 128}
 12.56 us is not better than 11.48 us
 11.48 us is not better than 11.12 us
 12.56 us is not better than 11.48 us
 11.48 us is not better than 11.12 us
 13.00 us is not better than 11.88 us
 11.88 us is not better than 11.52 us
 12.96 us is not better than 11.88 us
 11.88 us is not better than 11.52 us
 13.00 us is not better than 11.88 us
 11.88 us is not better than 11.52 us
 12.60 us is not better than 11.44 us
  Config 1248: 11.44 us, 54.31 TFLOPS (NEW BEST) 11.12 us {'BLOCK_SIZE_M': 16, 'BLOCK_SIZE_N': 16, 'BLOCK_SIZE_K': 128, 'GROUP_SIZE_M': 4, 'num_warps': 2, 'num_stages': 2, 'waves_per_eu': 1, 'matrix_instr_nonkdim': 16, 'cache_modifier': '.cg', 'NUM_KSPLIT': 4, 'SPLITK_BLOCK_SIZE': 768, 'GROUP_K': 128, 'GROUP_N': 128}
 12.60 us is not better than 11.46 us
 11.48 us is not better than 11.12 us
 12.60 us is not better than 11.48 us
 11.64 us is not better than 11.24 us
 13.20 us is not better than 12.04 us
 12.04 us is not better than 11.64 us
 13.20 us is not better than 12.04 us
 12.04 us is not better than 11.68 us
 13.16 us is not better than 12.00 us
 12.04 us is not better than 11.64 us
 12.88 us is not better than 11.68 us
 11.68 us is not better than 11.32 us
 13.16 us is not better than 12.04 us
 12.08 us is not better than 11.72 us
 13.16 us is not better than 12.00 us
 12.04 us is not better than 11.68 us
 13.16 us is not better than 12.04 us
 12.00 us is not better than 11.64 us
 12.84 us is not better than 11.64 us
 11.72 us is not better than 11.32 us
 12.68 us is not better than 12.28 us
 13.60 us is not better than 12.44 us
 12.48 us is not better than 12.08 us
 13.64 us is not better than 12.44 us
 12.48 us is not better than 12.08 us
 13.56 us is not better than 12.32 us
 12.36 us is not better than 11.92 us
 12.84 us is not better than 12.40 us
 12.72 us is not better than 12.28 us
 12.84 us is not better than 12.44 us
 12.72 us is not better than 12.32 us
 12.68 us is not better than 12.28 us
 13.44 us is not better than 12.24 us
 12.24 us is not better than 11.84 us
 13.60 us is not better than 12.40 us
 12.28 us is not better than 11.92 us
 13.48 us is not better than 12.28 us
 12.28 us is not better than 11.88 us
 13.68 us is not better than 12.52 us
 12.52 us is not better than 12.12 us
 13.52 us is not better than 12.32 us
 12.28 us is not better than 11.92 us
 13.56 us is not better than 12.36 us
 12.32 us is not better than 11.96 us
 13.48 us is not better than 12.24 us
 12.24 us is not better than 11.84 us
 12.72 us is not better than 12.32 us
 13.76 us is not better than 12.56 us
 12.56 us is not better than 12.16 us
 12.68 us is not better than 12.28 us
 13.72 us is not better than 12.52 us
 12.52 us is not better than 12.16 us
 13.72 us is not better than 12.52 us
 12.56 us is not better than 12.16 us
 13.32 us is not better than 12.16 us
 12.16 us is not better than 11.76 us
 13.48 us is not better than 12.28 us
 12.28 us is not better than 11.92 us
 13.48 us is not better than 12.24 us
 12.28 us is not better than 11.88 us
 12.92 us is not better than 12.52 us
 12.84 us is not better than 12.36 us
 13.04 us is not better than 12.56 us
 13.20 us is not better than 12.12 us
 12.08 us is not better than 11.68 us
 13.08 us is not better than 12.04 us
 12.04 us is not better than 11.68 us
 13.08 us is not better than 12.00 us
 12.04 us is not better than 11.64 us
 12.44 us is not better than 11.32 us
  Config 1752: 11.20 us, 55.31 TFLOPS (NEW BEST) 10.92 us {'BLOCK_SIZE_M': 32, 'BLOCK_SIZE_N': 16, 'BLOCK_SIZE_K': 128, 'GROUP_SIZE_M': 1, 'num_warps': 2, 'num_stages': 2, 'waves_per_eu': 1, 'matrix_instr_nonkdim': 16, 'cache_modifier': '.cg', 'NUM_KSPLIT': 4, 'SPLITK_BLOCK_SIZE': 768, 'GROUP_K': 128, 'GROUP_N': 128}
 12.44 us is not better than 11.32 us
 11.20 us is not better than 10.92 us
 12.44 us is not better than 11.32 us
 11.20 us is not better than 10.88 us
 12.36 us is not better than 12.04 us
 12.32 us is not better than 11.96 us
 12.32 us is not better than 12.00 us
 12.84 us is not better than 11.72 us
 11.76 us is not better than 11.40 us
 12.80 us is not better than 11.72 us
 11.72 us is not better than 11.36 us
 12.80 us is not better than 11.76 us
 11.76 us is not better than 11.40 us
 13.04 us is not better than 12.00 us
 11.88 us is not better than 11.60 us
 13.00 us is not better than 11.96 us
 11.84 us is not better than 11.56 us
 13.04 us is not better than 11.96 us
 11.84 us is not better than 11.56 us
 12.48 us is not better than 11.32 us
 11.24 us is not better than 10.92 us
 12.40 us is not better than 11.28 us
 11.20 us is not better than 10.88 us
 12.40 us is not better than 11.28 us
 11.20 us is not better than 10.88 us
 12.40 us is not better than 12.04 us
 12.36 us is not better than 12.00 us
 12.32 us is not better than 11.96 us
 12.84 us is not better than 11.76 us
 11.72 us is not better than 11.40 us
 12.84 us is not better than 11.72 us
 11.92 us is not better than 11.54 us
 12.96 us is not better than 11.88 us
 11.92 us is not better than 11.56 us
 12.44 us is not better than 12.04 us
 12.28 us is not better than 11.88 us
 12.36 us is not better than 11.92 us
 13.32 us is not better than 12.16 us
 12.12 us is not better than 11.72 us
 12.44 us is not better than 12.08 us
 12.44 us is not better than 12.04 us
 12.44 us is not better than 12.04 us
 12.36 us is not better than 12.00 us
 12.36 us is not better than 12.00 us
 13.08 us is not better than 11.92 us
 11.96 us is not better than 11.52 us
 13.12 us is not better than 11.96 us
 11.96 us is not better than 11.56 us
 13.16 us is not better than 11.96 us
 12.04 us is not better than 11.64 us
