[aiter] import [module_aiter_enum] under /usr/local/lib/python3.12/dist-packages/aiter/jit/module_aiter_enum.so
Device: 
Architecture: gfx950
Tuning M=64, N=3072, K=3072 with 3457 configs...
  Config 0: 48.56 us, 25.75 TFLOPS (NEW BEST) 46.92 us None
  Config 1: 24.00 us, 54.51 TFLOPS (NEW BEST) 22.16 us {'BLOCK_SIZE_M': 4, 'BLOCK_SIZE_N': 16, 'BLOCK_SIZE_K': 128, 'GROUP_SIZE_M': 1, 'num_warps': 2, 'num_stages': 1, 'waves_per_eu': 1, 'matrix_instr_nonkdim': 16, 'cache_modifier': None, 'NUM_KSPLIT': 1, 'SPLITK_BLOCK_SIZE': 3072, 'GROUP_K': 128, 'GROUP_N': 128}
 26.60 us is not better than 24.80 us
 26.16 us is not better than 24.08 us
  Config 4: 23.12 us, 55.21 TFLOPS (NEW BEST) 21.88 us {'BLOCK_SIZE_M': 4, 'BLOCK_SIZE_N': 16, 'BLOCK_SIZE_K': 128, 'GROUP_SIZE_M': 1, 'num_warps': 2, 'num_stages': 1, 'waves_per_eu': 1, 'matrix_instr_nonkdim': 16, 'cache_modifier': '.cg', 'NUM_KSPLIT': 1, 'SPLITK_BLOCK_SIZE': 3072, 'GROUP_K': 128, 'GROUP_N': 128}
 25.80 us is not better than 24.52 us
 25.52 us is not better than 23.92 us
 23.44 us is not better than 21.68 us
 26.24 us is not better than 24.48 us
 26.00 us is not better than 23.92 us
  Config 10: 22.88 us, 55.62 TFLOPS (NEW BEST) 21.72 us {'BLOCK_SIZE_M': 4, 'BLOCK_SIZE_N': 16, 'BLOCK_SIZE_K': 128, 'GROUP_SIZE_M': 1, 'num_warps': 2, 'num_stages': 1, 'waves_per_eu': 2, 'matrix_instr_nonkdim': 16, 'cache_modifier': '.cg', 'NUM_KSPLIT': 1, 'SPLITK_BLOCK_SIZE': 3072, 'GROUP_K': 128, 'GROUP_N': 128}
 25.52 us is not better than 24.36 us
 25.28 us is not better than 23.80 us
 23.68 us is not better than 21.84 us
 26.28 us is not better than 24.56 us
 25.92 us is not better than 23.88 us
  Config 16: 22.72 us, 55.92 TFLOPS (NEW BEST) 21.60 us {'BLOCK_SIZE_M': 4, 'BLOCK_SIZE_N': 16, 'BLOCK_SIZE_K': 128, 'GROUP_SIZE_M': 1, 'num_warps': 2, 'num_stages': 1, 'waves_per_eu': 4, 'matrix_instr_nonkdim': 16, 'cache_modifier': '.cg', 'NUM_KSPLIT': 1, 'SPLITK_BLOCK_SIZE': 3072, 'GROUP_K': 128, 'GROUP_N': 128}
 25.52 us is not better than 24.36 us
 25.28 us is not better than 23.80 us
  Config 19: 21.88 us, 59.68 TFLOPS (NEW BEST) 20.24 us {'BLOCK_SIZE_M': 4, 'BLOCK_SIZE_N': 16, 'BLOCK_SIZE_K': 128, 'GROUP_SIZE_M': 1, 'num_warps': 2, 'num_stages': 2, 'waves_per_eu': 1, 'matrix_instr_nonkdim': 16, 'cache_modifier': None, 'NUM_KSPLIT': 1, 'SPLITK_BLOCK_SIZE': 3072, 'GROUP_K': 128, 'GROUP_N': 128}
 24.44 us is not better than 22.56 us
 24.44 us is not better than 22.44 us
  Config 22: 21.36 us, 59.68 TFLOPS (NEW BEST) 20.24 us {'BLOCK_SIZE_M': 4, 'BLOCK_SIZE_N': 16, 'BLOCK_SIZE_K': 128, 'GROUP_SIZE_M': 1, 'num_warps': 2, 'num_stages': 2, 'waves_per_eu': 1, 'matrix_instr_nonkdim': 16, 'cache_modifier': '.cg', 'NUM_KSPLIT': 1, 'SPLITK_BLOCK_SIZE': 3072, 'GROUP_K': 128, 'GROUP_N': 128}
 23.32 us is not better than 22.20 us
 23.72 us is not better than 22.24 us
 21.80 us is not better than 20.16 us
 24.20 us is not better than 22.44 us
 24.40 us is not better than 22.40 us
 21.36 us is not better than 20.36 us
 23.24 us is not better than 22.20 us
 23.60 us is not better than 22.24 us
 21.80 us is not better than 20.20 us
 24.20 us is not better than 22.40 us
 24.28 us is not better than 22.28 us
  Config 34: 21.20 us, 59.68 TFLOPS (NEW BEST) 20.24 us {'BLOCK_SIZE_M': 4, 'BLOCK_SIZE_N': 16, 'BLOCK_SIZE_K': 128, 'GROUP_SIZE_M': 1, 'num_warps': 2, 'num_stages': 2, 'waves_per_eu': 4, 'matrix_instr_nonkdim': 16, 'cache_modifier': '.cg', 'NUM_KSPLIT': 1, 'SPLITK_BLOCK_SIZE': 3072, 'GROUP_K': 128, 'GROUP_N': 128}
 23.28 us is not better than 22.20 us
 23.60 us is not better than 22.20 us
 24.64 us is not better than 23.24 us
 24.40 us is not better than 23.04 us
 24.40 us is not better than 22.96 us
 22.32 us is not better than 20.96 us
 24.28 us is not better than 22.44 us
 24.40 us is not better than 22.28 us
 23.40 us is not better than 22.52 us
 23.28 us is not better than 22.12 us
 23.64 us is not better than 22.12 us
 22.36 us is not better than 20.92 us
 24.20 us is not better than 22.36 us
 24.32 us is not better than 22.28 us
 23.32 us is not better than 22.56 us
 23.20 us is not better than 22.08 us
 23.56 us is not better than 22.12 us
 22.48 us is not better than 21.04 us
 24.32 us is not better than 22.48 us
 24.40 us is not better than 22.40 us
 23.60 us is not better than 22.72 us
 23.24 us is not better than 22.16 us
 23.60 us is not better than 22.16 us
 23.72 us is not better than 22.20 us
 22.60 us is not better than 21.20 us
 22.48 us is not better than 20.84 us
 22.60 us is not better than 21.88 us
 21.68 us is not better than 20.80 us
 21.60 us is not better than 20.60 us
 23.72 us is not better than 22.12 us
 22.64 us is not better than 21.20 us
 22.44 us is not better than 20.88 us
 22.52 us is not better than 21.76 us
 21.68 us is not better than 20.84 us
 21.56 us is not better than 20.60 us
 23.72 us is not better than 22.16 us
 22.66 us is not better than 21.28 us
 22.44 us is not better than 20.84 us
 22.52 us is not better than 21.76 us
 21.68 us is not better than 20.84 us
 21.56 us is not better than 20.60 us
 22.24 us is not better than 20.68 us
 23.36 us is not better than 21.68 us
 21.48 us is not better than 20.48 us
 22.52 us is not better than 21.48 us
 22.16 us is not better than 20.56 us
 23.00 us is not better than 21.52 us
 21.44 us is not better than 20.40 us
 22.28 us is not better than 21.24 us
 22.16 us is not better than 20.56 us
 22.96 us is not better than 21.48 us
 21.44 us is not better than 20.40 us
 22.24 us is not better than 21.24 us
 24.44 us is not better than 23.12 us
 22.68 us is not better than 21.24 us
 22.56 us is not better than 20.92 us
 21.80 us is not better than 20.88 us
 21.64 us is not better than 20.64 us
 24.08 us is not better than 22.64 us
 22.60 us is not better than 21.20 us
 22.48 us is not better than 20.88 us
 21.68 us is not better than 20.80 us
 21.52 us is not better than 20.56 us
 24.08 us is not better than 22.60 us
 22.60 us is not better than 21.20 us
 22.48 us is not better than 20.84 us
 21.68 us is not better than 20.84 us
 21.52 us is not better than 20.56 us
 22.24 us is not better than 20.60 us
 23.36 us is not better than 21.68 us
 21.48 us is not better than 20.44 us
 22.48 us is not better than 21.44 us
 22.16 us is not better than 20.60 us
 22.96 us is not better than 21.44 us
 21.44 us is not better than 20.40 us
 22.24 us is not better than 21.24 us
 22.20 us is not better than 20.64 us
 22.92 us is not better than 21.44 us
 21.40 us is not better than 20.36 us
 22.24 us is not better than 21.24 us
 21.40 us is not better than 19.92 us
 22.16 us is not better than 20.48 us
  Config 293: 20.24 us, 62.27 TFLOPS (NEW BEST) 19.40 us {'BLOCK_SIZE_M': 4, 'BLOCK_SIZE_N': 64, 'BLOCK_SIZE_K': 128, 'GROUP_SIZE_M': 1, 'num_warps': 2, 'num_stages': 1, 'waves_per_eu': 1, 'matrix_instr_nonkdim': 16, 'cache_modifier': '.cg', 'NUM_KSPLIT': 2, 'SPLITK_BLOCK_SIZE': 1536, 'GROUP_K': 128, 'GROUP_N': 128}
 21.20 us is not better than 20.16 us
 21.48 us is not better than 19.96 us
 22.16 us is not better than 20.44 us
 20.32 us is not better than 19.52 us
 21.24 us is not better than 20.08 us
 21.88 us is not better than 20.36 us
 22.52 us is not better than 20.72 us
 20.80 us is not better than 19.96 us
 21.48 us is not better than 20.32 us
 21.48 us is not better than 19.80 us
 22.32 us is not better than 20.64 us
 22.68 us is not better than 22.04 us
 20.24 us is not better than 19.40 us
 21.28 us is not better than 20.28 us
 21.48 us is not better than 19.76 us
 22.24 us is not better than 20.60 us
  Config 317: 20.20 us, 62.52 TFLOPS (NEW BEST) 19.32 us {'BLOCK_SIZE_M': 4, 'BLOCK_SIZE_N': 64, 'BLOCK_SIZE_K': 128, 'GROUP_SIZE_M': 1, 'num_warps': 2, 'num_stages': 2, 'waves_per_eu': 2, 'matrix_instr_nonkdim': 16, 'cache_modifier': '.cg', 'NUM_KSPLIT': 2, 'SPLITK_BLOCK_SIZE': 1536, 'GROUP_K': 128, 'GROUP_N': 128}
 21.36 us is not better than 20.32 us
 21.32 us is not better than 19.60 us
 22.08 us is not better than 20.44 us
  Config 323: 20.08 us, 63.04 TFLOPS (NEW BEST) 19.16 us {'BLOCK_SIZE_M': 4, 'BLOCK_SIZE_N': 64, 'BLOCK_SIZE_K': 128, 'GROUP_SIZE_M': 1, 'num_warps': 2, 'num_stages': 2, 'waves_per_eu': 4, 'matrix_instr_nonkdim': 16, 'cache_modifier': '.cg', 'NUM_KSPLIT': 2, 'SPLITK_BLOCK_SIZE': 1536, 'GROUP_K': 128, 'GROUP_N': 128}
 21.24 us is not better than 20.12 us
 23.20 us is not better than 21.60 us
 23.08 us is not better than 21.32 us
 22.04 us is not better than 21.16 us
 22.24 us is not better than 21.04 us
 22.92 us is not better than 21.40 us
 22.96 us is not better than 21.20 us
 21.88 us is not better than 21.04 us
 22.12 us is not better than 20.92 us
 22.88 us is not better than 21.44 us
 22.92 us is not better than 21.20 us
 21.84 us is not better than 21.00 us
 22.08 us is not better than 20.92 us
 22.68 us is not better than 21.24 us
 23.56 us is not better than 21.84 us
 21.76 us is not better than 20.80 us
 22.76 us is not better than 21.56 us
 22.60 us is not better than 21.12 us
 23.12 us is not better than 21.60 us
 21.68 us is not better than 20.72 us
 22.56 us is not better than 21.40 us
 22.68 us is not better than 21.20 us
 23.12 us is not better than 21.60 us
 21.76 us is not better than 20.72 us
 22.52 us is not better than 21.36 us
 21.36 us is not better than 19.88 us
 22.16 us is not better than 20.48 us
 20.24 us is not better than 19.40 us
 21.16 us is not better than 20.12 us
 21.36 us is not better than 19.84 us
 22.04 us is not better than 20.32 us
 20.16 us is not better than 19.36 us
 21.04 us is not better than 19.92 us
 21.76 us is not better than 20.24 us
 22.36 us is not better than 20.64 us
 20.64 us is not better than 19.84 us
 21.32 us is not better than 20.24 us
 21.36 us is not better than 19.72 us
 22.24 us is not better than 20.56 us
 20.12 us is not better than 19.32 us
 21.12 us is not better than 20.16 us
 21.32 us is not better than 19.68 us
 22.16 us is not better than 20.48 us
  Config 389: 20.08 us, 62.78 TFLOPS (NEW BEST) 19.24 us {'BLOCK_SIZE_M': 4, 'BLOCK_SIZE_N': 64, 'BLOCK_SIZE_K': 128, 'GROUP_SIZE_M': 4, 'num_warps': 2, 'num_stages': 2, 'waves_per_eu': 2, 'matrix_instr_nonkdim': 16, 'cache_modifier': '.cg', 'NUM_KSPLIT': 2, 'SPLITK_BLOCK_SIZE': 1536, 'GROUP_K': 128, 'GROUP_N': 128}
 21.20 us is not better than 20.16 us
 21.32 us is not better than 19.60 us
 22.16 us is not better than 20.44 us
 20.16 us is not better than 19.24 us
 21.20 us is not better than 20.12 us
 23.16 us is not better than 21.60 us
 23.28 us is not better than 21.44 us
 22.20 us is not better than 21.32 us
 22.36 us is not better than 21.12 us
 23.04 us is not better than 21.52 us
 23.12 us is not better than 21.36 us
 22.04 us is not better than 21.20 us
 22.24 us is not better than 21.08 us
 23.00 us is not better than 21.52 us
 23.12 us is not better than 21.36 us
 22.00 us is not better than 21.20 us
 22.24 us is not better than 21.04 us
 22.80 us is not better than 21.28 us
 23.72 us is not better than 22.00 us
 21.96 us is not better than 20.92 us
 22.88 us is not better than 21.68 us
 22.72 us is not better than 21.24 us
 23.28 us is not better than 21.72 us
 21.80 us is not better than 20.76 us
 22.72 us is not better than 21.52 us
 22.80 us is not better than 21.24 us
 23.28 us is not better than 21.76 us
 21.88 us is not better than 20.84 us
 22.72 us is not better than 21.56 us
 21.96 us is not better than 20.44 us
  Config 435: 19.04 us, 68.02 TFLOPS (NEW BEST) 17.76 us {'BLOCK_SIZE_M': 4, 'BLOCK_SIZE_N': 128, 'BLOCK_SIZE_K': 128, 'GROUP_SIZE_M': 1, 'num_warps': 2, 'num_stages': 1, 'waves_per_eu': 1, 'matrix_instr_nonkdim': 16, 'cache_modifier': None, 'NUM_KSPLIT': 4, 'SPLITK_BLOCK_SIZE': 768, 'GROUP_K': 128, 'GROUP_N': 128}
 20.80 us is not better than 20.08 us
  Config 438: 18.28 us, 68.95 TFLOPS (NEW BEST) 17.52 us {'BLOCK_SIZE_M': 4, 'BLOCK_SIZE_N': 128, 'BLOCK_SIZE_K': 128, 'GROUP_SIZE_M': 1, 'num_warps': 2, 'num_stages': 1, 'waves_per_eu': 1, 'matrix_instr_nonkdim': 16, 'cache_modifier': '.cg', 'NUM_KSPLIT': 4, 'SPLITK_BLOCK_SIZE': 768, 'GROUP_K': 128, 'GROUP_N': 128}
 19.16 us is not better than 17.96 us
 18.48 us is not better than 17.72 us
 19.16 us is not better than 17.88 us
 18.32 us is not better than 17.64 us
 21.28 us is not better than 19.92 us
 19.04 us is not better than 17.68 us
 19.84 us is not better than 19.44 us
  Config 456: 18.00 us, 69.74 TFLOPS (NEW BEST) 17.32 us {'BLOCK_SIZE_M': 4, 'BLOCK_SIZE_N': 128, 'BLOCK_SIZE_K': 128, 'GROUP_SIZE_M': 1, 'num_warps': 2, 'num_stages': 2, 'waves_per_eu': 1, 'matrix_instr_nonkdim': 16, 'cache_modifier': '.cg', 'NUM_KSPLIT': 4, 'SPLITK_BLOCK_SIZE': 768, 'GROUP_K': 128, 'GROUP_N': 128}
 20.32 us is not better than 18.80 us
 18.80 us is not better than 17.52 us
 19.08 us is not better than 18.40 us
  Config 462: 17.88 us, 70.23 TFLOPS (NEW BEST) 17.20 us {'BLOCK_SIZE_M': 4, 'BLOCK_SIZE_N': 128, 'BLOCK_SIZE_K': 128, 'GROUP_SIZE_M': 1, 'num_warps': 2, 'num_stages': 2, 'waves_per_eu': 2, 'matrix_instr_nonkdim': 16, 'cache_modifier': '.cg', 'NUM_KSPLIT': 4, 'SPLITK_BLOCK_SIZE': 768, 'GROUP_K': 128, 'GROUP_N': 128}
 20.40 us is not better than 18.88 us
 18.92 us is not better than 17.56 us
 19.16 us is not better than 18.48 us
 17.96 us is not better than 17.24 us
 19.04 us is not better than 17.76 us
 18.28 us is not better than 17.56 us
 19.16 us is not better than 17.92 us
 18.44 us is not better than 17.72 us
 19.08 us is not better than 17.80 us
 18.20 us is not better than 17.52 us
 18.96 us is not better than 17.60 us
 19.72 us is not better than 19.40 us
 17.88 us is not better than 17.24 us
 20.20 us is not better than 18.72 us
 18.72 us is not better than 17.40 us
 18.92 us is not better than 18.24 us
  Config 534: 17.80 us, 70.56 TFLOPS (NEW BEST) 17.12 us {'BLOCK_SIZE_M': 4, 'BLOCK_SIZE_N': 128, 'BLOCK_SIZE_K': 128, 'GROUP_SIZE_M': 4, 'num_warps': 2, 'num_stages': 2, 'waves_per_eu': 2, 'matrix_instr_nonkdim': 16, 'cache_modifier': '.cg', 'NUM_KSPLIT': 4, 'SPLITK_BLOCK_SIZE': 768, 'GROUP_K': 128, 'GROUP_N': 128}
 20.28 us is not better than 18.76 us
 18.84 us is not better than 17.48 us
 19.00 us is not better than 18.32 us
 17.92 us is not better than 17.16 us
 19.24 us is not better than 17.96 us
 20.44 us is not better than 19.00 us
 18.64 us is not better than 17.80 us
 19.52 us is not better than 18.84 us
 19.20 us is not better than 17.96 us
 20.40 us is not better than 18.96 us
 18.60 us is not better than 17.76 us
 19.52 us is not better than 18.80 us
 19.24 us is not better than 17.96 us
 20.40 us is not better than 18.96 us
 18.56 us is not better than 17.76 us
 19.52 us is not better than 18.80 us
 20.52 us is not better than 19.04 us
 19.04 us is not better than 17.72 us
 19.76 us is not better than 18.36 us
 19.12 us is not better than 18.52 us
 18.20 us is not better than 17.44 us
 18.92 us is not better than 18.16 us
 20.72 us is not better than 19.24 us
 19.00 us is not better than 17.68 us
 19.72 us is not better than 18.36 us
 19.32 us is not better than 18.80 us
 18.16 us is not better than 17.44 us
 18.88 us is not better than 18.16 us
 20.72 us is not better than 19.28 us
 19.04 us is not better than 17.68 us
 19.72 us is not better than 18.36 us
 19.28 us is not better than 18.80 us
 18.20 us is not better than 17.44 us
 18.88 us is not better than 18.16 us
 19.40 us is not better than 18.08 us
 20.56 us is not better than 19.08 us
 18.84 us is not better than 17.92 us
 19.64 us is not better than 18.88 us
 19.36 us is not better than 18.04 us
 20.52 us is not better than 19.08 us
 18.80 us is not better than 17.92 us
 19.60 us is not better than 18.88 us
 19.36 us is not better than 18.04 us
 20.52 us is not better than 19.08 us
 18.80 us is not better than 17.92 us
 19.60 us is not better than 18.88 us
 19.20 us is not better than 17.80 us
 19.84 us is not better than 18.48 us
 18.44 us is not better than 17.60 us
 19.00 us is not better than 18.24 us
 19.16 us is not better than 17.80 us
 19.84 us is not better than 18.44 us
 18.40 us is not better than 17.60 us
 18.96 us is not better than 18.20 us
 19.20 us is not better than 17.84 us
 19.80 us is not better than 18.44 us
 18.34 us is not better than 17.52 us
 19.00 us is not better than 18.22 us
 18.12 us is not better than 16.88 us
 17.96 us is not better than 16.80 us
  Config 725: 16.92 us, 73.48 TFLOPS (NEW BEST) 16.44 us {'BLOCK_SIZE_M': 8, 'BLOCK_SIZE_N': 32, 'BLOCK_SIZE_K': 128, 'GROUP_SIZE_M': 1, 'num_warps': 2, 'num_stages': 1, 'waves_per_eu': 1, 'matrix_instr_nonkdim': 16, 'cache_modifier': '.cg', 'NUM_KSPLIT': 2, 'SPLITK_BLOCK_SIZE': 1536, 'GROUP_K': 128, 'GROUP_N': 128}
 17.08 us is not better than 16.56 us
 18.08 us is not better than 16.84 us
 17.92 us is not better than 16.84 us
 16.92 us is not better than 16.40 us
 17.08 us is not better than 16.56 us
 18.04 us is not better than 16.80 us
 17.96 us is not better than 16.84 us
 16.96 us is not better than 16.44 us
 17.04 us is not better than 16.52 us
 19.88 us is not better than 18.60 us
 17.40 us is not better than 16.34 us
 18.80 us is not better than 18.24 us
  Config 744: 16.76 us, 74.57 TFLOPS (NEW BEST) 16.20 us {'BLOCK_SIZE_M': 8, 'BLOCK_SIZE_N': 32, 'BLOCK_SIZE_K': 128, 'GROUP_SIZE_M': 1, 'num_warps': 2, 'num_stages': 2, 'waves_per_eu': 1, 'matrix_instr_nonkdim': 16, 'cache_modifier': '.cg', 'NUM_KSPLIT': 4, 'SPLITK_BLOCK_SIZE': 768, 'GROUP_K': 128, 'GROUP_N': 128}
 17.36 us is not better than 16.28 us
 18.80 us is not better than 18.24 us
  Config 750: 16.68 us, 74.93 TFLOPS (NEW BEST) 16.12 us {'BLOCK_SIZE_M': 8, 'BLOCK_SIZE_N': 32, 'BLOCK_SIZE_K': 128, 'GROUP_SIZE_M': 1, 'num_warps': 2, 'num_stages': 2, 'waves_per_eu': 2, 'matrix_instr_nonkdim': 16, 'cache_modifier': '.cg', 'NUM_KSPLIT': 4, 'SPLITK_BLOCK_SIZE': 768, 'GROUP_K': 128, 'GROUP_N': 128}
 17.36 us is not better than 16.28 us
 18.68 us is not better than 18.16 us
 16.72 us is not better than 16.16 us
 17.92 us is not better than 16.72 us
 17.88 us is not better than 16.72 us
 16.80 us is not better than 16.32 us
 17.04 us is not better than 16.44 us
 17.88 us is not better than 16.68 us
 17.84 us is not better than 16.72 us
 16.72 us is not better than 16.24 us
 16.96 us is not better than 16.40 us
 17.92 us is not better than 16.68 us
 17.84 us is not better than 16.68 us
 16.76 us is not better than 16.24 us
 16.96 us is not better than 16.40 us
 17.36 us is not better than 16.24 us
 18.72 us is not better than 18.24 us
  Config 816: 16.64 us, 74.94 TFLOPS (NEW BEST) 16.12 us {'BLOCK_SIZE_M': 8, 'BLOCK_SIZE_N': 32, 'BLOCK_SIZE_K': 128, 'GROUP_SIZE_M': 4, 'num_warps': 2, 'num_stages': 2, 'waves_per_eu': 1, 'matrix_instr_nonkdim': 16, 'cache_modifier': '.cg', 'NUM_KSPLIT': 4, 'SPLITK_BLOCK_SIZE': 768, 'GROUP_K': 128, 'GROUP_N': 128}
 17.36 us is not better than 16.20 us
 18.76 us is not better than 18.24 us
  Config 822: 16.60 us, 75.12 TFLOPS (NEW BEST) 16.08 us {'BLOCK_SIZE_M': 8, 'BLOCK_SIZE_N': 32, 'BLOCK_SIZE_K': 128, 'GROUP_SIZE_M': 4, 'num_warps': 2, 'num_stages': 2, 'waves_per_eu': 2, 'matrix_instr_nonkdim': 16, 'cache_modifier': '.cg', 'NUM_KSPLIT': 4, 'SPLITK_BLOCK_SIZE': 768, 'GROUP_K': 128, 'GROUP_N': 128}
 17.32 us is not better than 16.24 us
 18.68 us is not better than 18.16 us
 16.60 us is not better than 16.12 us
 18.64 us is not better than 17.28 us
 16.92 us is not better than 15.64 us
 17.36 us is not better than 16.84 us
  Config 870: 15.96 us, 79.26 TFLOPS (NEW BEST) 15.24 us {'BLOCK_SIZE_M': 8, 'BLOCK_SIZE_N': 64, 'BLOCK_SIZE_K': 128, 'GROUP_SIZE_M': 1, 'num_warps': 2, 'num_stages': 1, 'waves_per_eu': 1, 'matrix_instr_nonkdim': 16, 'cache_modifier': '.cg', 'NUM_KSPLIT': 4, 'SPLITK_BLOCK_SIZE': 768, 'GROUP_K': 128, 'GROUP_N': 128}
 18.56 us is not better than 17.20 us
 16.88 us is not better than 15.56 us
 17.20 us is not better than 16.72 us
 15.96 us is not better than 15.24 us
 18.28 us is not better than 16.92 us
 17.08 us is not better than 15.80 us
 16.92 us is not better than 16.44 us
 16.20 us is not better than 15.48 us
 18.04 us is not better than 16.68 us
 16.76 us is not better than 15.48 us
 16.64 us is not better than 16.16 us
  Config 888: 15.76 us, 79.68 TFLOPS (NEW BEST) 15.16 us {'BLOCK_SIZE_M': 8, 'BLOCK_SIZE_N': 64, 'BLOCK_SIZE_K': 128, 'GROUP_SIZE_M': 1, 'num_warps': 2, 'num_stages': 2, 'waves_per_eu': 1, 'matrix_instr_nonkdim': 16, 'cache_modifier': '.cg', 'NUM_KSPLIT': 4, 'SPLITK_BLOCK_SIZE': 768, 'GROUP_K': 128, 'GROUP_N': 128}
 16.84 us is not better than 15.68 us
 17.72 us is not better than 17.16 us
 16.04 us is not better than 15.36 us
 16.76 us is not better than 15.56 us
 17.68 us is not better than 17.12 us
 16.00 us is not better than 15.32 us
 17.72 us is not better than 16.48 us
 17.64 us is not better than 17.20 us
 16.88 us is not better than 16.16 us
 18.60 us is not better than 17.28 us
 17.64 us is not better than 16.36 us
 17.40 us is not better than 16.96 us
 16.80 us is not better than 16.04 us
 18.68 us is not better than 17.32 us
 17.60 us is not better than 16.32 us
 17.36 us is not better than 16.96 us
 16.80 us is not better than 16.04 us
 17.48 us is not better than 16.24 us
 16.64 us is not better than 15.88 us
 17.28 us is not better than 16.08 us
 16.52 us is not better than 15.84 us
 17.32 us is not better than 16.12 us
 16.52 us is not better than 15.88 us
 17.04 us is not better than 15.80 us
 17.48 us is not better than 16.96 us
 16.12 us is not better than 15.44 us
 18.64 us is not better than 17.28 us
 17.04 us is not better than 15.80 us
 17.36 us is not better than 16.84 us
 16.08 us is not better than 15.40 us
 18.44 us is not better than 17.08 us
 17.20 us is not better than 15.96 us
 17.12 us is not better than 16.56 us
 16.36 us is not better than 15.60 us
 18.16 us is not better than 16.76 us
 16.88 us is not better than 15.60 us
 16.80 us is not better than 16.28 us
 15.96 us is not better than 15.24 us
 16.84 us is not better than 15.64 us
 17.72 us is not better than 17.16 us
 16.00 us is not better than 15.36 us
 16.72 us is not better than 15.56 us
 17.64 us is not better than 17.08 us
 15.96 us is not better than 15.32 us
 17.68 us is not better than 16.48 us
 17.60 us is not better than 17.16 us
 16.88 us is not better than 16.16 us
 18.68 us is not better than 17.32 us
 17.60 us is not better than 16.40 us
 17.36 us is not better than 16.92 us
 16.80 us is not better than 16.12 us
 18.64 us is not better than 17.32 us
 17.60 us is not better than 16.36 us
 17.36 us is not better than 16.92 us
 16.80 us is not better than 16.04 us
 17.44 us is not better than 16.16 us
 16.64 us is not better than 15.80 us
 17.32 us is not better than 16.04 us
 16.44 us is not better than 15.76 us
 17.28 us is not better than 16.08 us
 16.28 us is not better than 15.64 us
 16.08 us is not better than 15.04 us
  Config 1014: 15.12 us, 82.06 TFLOPS (NEW BEST) 14.72 us {'BLOCK_SIZE_M': 8, 'BLOCK_SIZE_N': 128, 'BLOCK_SIZE_K': 128, 'GROUP_SIZE_M': 1, 'num_warps': 2, 'num_stages': 1, 'waves_per_eu': 1, 'matrix_instr_nonkdim': 16, 'cache_modifier': '.cg', 'NUM_KSPLIT': 4, 'SPLITK_BLOCK_SIZE': 768, 'GROUP_K': 128, 'GROUP_N': 128}
 16.60 us is not better than 15.52 us
 15.72 us is not better than 15.24 us
 16.36 us is not better than 15.28 us
 15.36 us is not better than 14.96 us
 16.32 us is not better than 15.16 us
  Config 1032: 15.08 us, 82.06 TFLOPS (NEW BEST) 14.72 us {'BLOCK_SIZE_M': 8, 'BLOCK_SIZE_N': 128, 'BLOCK_SIZE_K': 128, 'GROUP_SIZE_M': 1, 'num_warps': 2, 'num_stages': 2, 'waves_per_eu': 1, 'matrix_instr_nonkdim': 16, 'cache_modifier': '.cg', 'NUM_KSPLIT': 4, 'SPLITK_BLOCK_SIZE': 768, 'GROUP_K': 128, 'GROUP_N': 128}
 15.48 us is not better than 14.44 us
  Config 1038: 14.44 us, 85.79 TFLOPS (NEW BEST) 14.08 us {'BLOCK_SIZE_M': 8, 'BLOCK_SIZE_N': 128, 'BLOCK_SIZE_K': 128, 'GROUP_SIZE_M': 1, 'num_warps': 2, 'num_stages': 2, 'waves_per_eu': 2, 'matrix_instr_nonkdim': 16, 'cache_modifier': '.cg', 'NUM_KSPLIT': 4, 'SPLITK_BLOCK_SIZE': 768, 'GROUP_K': 128, 'GROUP_N': 128}
 15.40 us is not better than 14.36 us
  Config 1044: 14.36 us, 86.28 TFLOPS (NEW BEST) 14.00 us {'BLOCK_SIZE_M': 8, 'BLOCK_SIZE_N': 128, 'BLOCK_SIZE_K': 128, 'GROUP_SIZE_M': 1, 'num_warps': 2, 'num_stages': 2, 'waves_per_eu': 4, 'matrix_instr_nonkdim': 16, 'cache_modifier': '.cg', 'NUM_KSPLIT': 4, 'SPLITK_BLOCK_SIZE': 768, 'GROUP_K': 128, 'GROUP_N': 128}
 16.28 us is not better than 15.76 us
 16.16 us is not better than 15.48 us
 16.12 us is not better than 15.56 us
 16.72 us is not better than 15.56 us
 15.76 us is not better than 15.20 us
 16.56 us is not better than 15.52 us
 15.72 us is not better than 15.16 us
 16.56 us is not better than 15.44 us
 15.68 us is not better than 15.12 us
 16.08 us is not better than 15.04 us
 15.12 us is not better than 14.72 us
 16.60 us is not better than 15.52 us
 15.72 us is not better than 15.24 us
 16.36 us is not better than 15.28 us
 15.40 us is not better than 14.96 us
 16.32 us is not better than 15.16 us
 15.12 us is not better than 14.76 us
 15.48 us is not better than 14.44 us
 14.44 us is not better than 14.08 us
 15.44 us is not better than 14.36 us
 14.36 us is not better than 14.00 us
 16.28 us is not better than 15.76 us
 16.16 us is not better than 15.52 us
 16.32 us is not better than 15.68 us
 16.84 us is not better than 15.64 us
 15.92 us is not better than 15.32 us
 16.68 us is not better than 15.60 us
 15.84 us is not better than 15.24 us
 16.68 us is not better than 15.56 us
 15.76 us is not better than 15.16 us
 16.16 us is not better than 15.16 us
 16.00 us is not better than 15.48 us
 15.68 us is not better than 15.12 us
 16.16 us is not better than 15.20 us
 16.08 us is not better than 15.56 us
 15.68 us is not better than 15.16 us
 16.16 us is not better than 15.20 us
 16.08 us is not better than 15.56 us
 15.68 us is not better than 15.16 us
 16.60 us is not better than 15.24 us
 16.00 us is not better than 15.00 us
 15.36 us is not better than 14.88 us
 15.36 us is not better than 14.88 us
 16.64 us is not better than 15.28 us
 15.96 us is not better than 15.00 us
 15.40 us is not better than 14.88 us
 15.28 us is not better than 14.84 us
 16.60 us is not better than 15.24 us
 15.96 us is not better than 15.00 us
 15.36 us is not better than 14.88 us
 15.32 us is not better than 14.84 us
 16.16 us is not better than 15.20 us
 16.00 us is not better than 15.48 us
 15.68 us is not better than 15.16 us
 16.16 us is not better than 15.16 us
 16.04 us is not better than 15.52 us
 15.68 us is not better than 15.12 us
 16.12 us is not better than 15.12 us
 16.00 us is not better than 15.52 us
 15.68 us is not better than 15.12 us
 16.60 us is not better than 15.24 us
 16.00 us is not better than 15.00 us
 15.36 us is not better than 14.88 us
 15.24 us is not better than 14.80 us
 16.44 us is not better than 15.16 us
 15.88 us is not better than 14.92 us
 15.20 us is not better than 14.76 us
 15.24 us is not better than 14.80 us
 16.48 us is not better than 15.16 us
 15.88 us is not better than 14.92 us
 15.16 us is not better than 14.72 us
 15.24 us is not better than 14.76 us
 14.76 us is not better than 13.72 us
 15.92 us is not better than 15.44 us
  Config 1302: 13.68 us, 90.42 TFLOPS (NEW BEST) 13.36 us {'BLOCK_SIZE_M': 16, 'BLOCK_SIZE_N': 32, 'BLOCK_SIZE_K': 128, 'GROUP_SIZE_M': 1, 'num_warps': 2, 'num_stages': 1, 'waves_per_eu': 1, 'matrix_instr_nonkdim': 16, 'cache_modifier': '.cg', 'NUM_KSPLIT': 4, 'SPLITK_BLOCK_SIZE': 768, 'GROUP_K': 128, 'GROUP_N': 128}
 14.76 us is not better than 13.68 us
 13.68 us is not better than 13.36 us
 14.80 us is not better than 13.72 us
 13.68 us is not better than 13.36 us
 14.68 us is not better than 13.68 us
 15.20 us is not better than 14.80 us
  Config 1320: 13.60 us, 90.69 TFLOPS (NEW BEST) 13.32 us {'BLOCK_SIZE_M': 16, 'BLOCK_SIZE_N': 32, 'BLOCK_SIZE_K': 128, 'GROUP_SIZE_M': 1, 'num_warps': 2, 'num_stages': 2, 'waves_per_eu': 1, 'matrix_instr_nonkdim': 16, 'cache_modifier': '.cg', 'NUM_KSPLIT': 4, 'SPLITK_BLOCK_SIZE': 768, 'GROUP_K': 128, 'GROUP_N': 128}
 15.72 us is not better than 14.52 us
 14.64 us is not better than 14.24 us
 15.68 us is not better than 14.48 us
 14.64 us is not better than 14.20 us
 14.80 us is not better than 13.72 us
 13.68 us is not better than 13.36 us
 14.80 us is not better than 13.72 us
 13.68 us is not better than 13.36 us
 14.80 us is not better than 13.72 us
 13.68 us is not better than 13.32 us
 14.68 us is not better than 13.68 us
 15.16 us is not better than 14.76 us
 13.60 us is not better than 13.32 us
 15.68 us is not better than 14.48 us
 14.64 us is not better than 14.20 us
 15.72 us is not better than 14.52 us
 14.68 us is not better than 14.20 us
 14.80 us is not better than 13.60 us
 13.76 us is not better than 13.20 us
 14.60 us is not better than 13.44 us
  Config 1452: 13.52 us, 92.63 TFLOPS (NEW BEST) 13.04 us {'BLOCK_SIZE_M': 16, 'BLOCK_SIZE_N': 64, 'BLOCK_SIZE_K': 128, 'GROUP_SIZE_M': 1, 'num_warps': 2, 'num_stages': 1, 'waves_per_eu': 2, 'matrix_instr_nonkdim': 16, 'cache_modifier': '.cg', 'NUM_KSPLIT': 4, 'SPLITK_BLOCK_SIZE': 768, 'GROUP_K': 128, 'GROUP_N': 128}
 14.76 us is not better than 13.52 us
 13.68 us is not better than 13.12 us
 14.68 us is not better than 13.48 us
 13.56 us is not better than 13.04 us
 15.08 us is not better than 13.88 us
 14.08 us is not better than 13.52 us
 14.96 us is not better than 13.76 us
 13.96 us is not better than 13.36 us
 15.08 us is not better than 13.88 us
 14.00 us is not better than 13.52 us
 15.00 us is not better than 13.80 us
 13.88 us is not better than 13.44 us
 15.08 us is not better than 13.96 us
 14.16 us is not better than 13.68 us
 14.80 us is not better than 13.68 us
 13.84 us is not better than 13.44 us
 14.92 us is not better than 13.80 us
 13.88 us is not better than 13.52 us
 14.92 us is not better than 13.80 us
 13.88 us is not better than 13.48 us
 14.92 us is not better than 13.80 us
 13.92 us is not better than 13.40 us
 14.76 us is not better than 13.60 us
 13.76 us is not better than 13.28 us
 14.88 us is not better than 13.76 us
 13.84 us is not better than 13.32 us
 14.76 us is not better than 13.60 us
 13.76 us is not better than 13.20 us
 15.16 us is not better than 14.00 us
 14.28 us is not better than 13.68 us
