[aiter] import [module_aiter_enum] under /usr/local/lib/python3.12/dist-packages/aiter/jit/module_aiter_enum.so
Device: 
Architecture: gfx950
Tuning M=4, N=3072, K=3072 with 3457 configs...
  Config 0: 40.84 us, 1.90 TFLOPS (NEW BEST) 39.66 us None
  Config 1: 22.08 us, 3.63 TFLOPS (NEW BEST) 20.80 us {'BLOCK_SIZE_M': 4, 'BLOCK_SIZE_N': 16, 'BLOCK_SIZE_K': 128, 'GROUP_SIZE_M': 1, 'num_warps': 2, 'num_stages': 1, 'waves_per_eu': 1, 'matrix_instr_nonkdim': 16, 'cache_modifier': None, 'NUM_KSPLIT': 1, 'SPLITK_BLOCK_SIZE': 3072, 'GROUP_K': 128, 'GROUP_N': 128}
  Config 2: 16.04 us, 5.09 TFLOPS (NEW BEST) 14.84 us {'BLOCK_SIZE_M': 4, 'BLOCK_SIZE_N': 16, 'BLOCK_SIZE_K': 128, 'GROUP_SIZE_M': 1, 'num_warps': 2, 'num_stages': 1, 'waves_per_eu': 1, 'matrix_instr_nonkdim': 16, 'cache_modifier': None, 'NUM_KSPLIT': 2, 'SPLITK_BLOCK_SIZE': 1536, 'GROUP_K': 128, 'GROUP_N': 128}
  Config 3: 12.20 us, 6.72 TFLOPS (NEW BEST) 11.24 us {'BLOCK_SIZE_M': 4, 'BLOCK_SIZE_N': 16, 'BLOCK_SIZE_K': 128, 'GROUP_SIZE_M': 1, 'num_warps': 2, 'num_stages': 1, 'waves_per_eu': 1, 'matrix_instr_nonkdim': 16, 'cache_modifier': None, 'NUM_KSPLIT': 4, 'SPLITK_BLOCK_SIZE': 768, 'GROUP_K': 128, 'GROUP_N': 128}
  Config 6: 11.08 us, 6.96 TFLOPS (NEW BEST) 10.84 us {'BLOCK_SIZE_M': 4, 'BLOCK_SIZE_N': 16, 'BLOCK_SIZE_K': 128, 'GROUP_SIZE_M': 1, 'num_warps': 2, 'num_stages': 1, 'waves_per_eu': 1, 'matrix_instr_nonkdim': 16, 'cache_modifier': '.cg', 'NUM_KSPLIT': 4, 'SPLITK_BLOCK_SIZE': 768, 'GROUP_K': 128, 'GROUP_N': 128}
 12.20 us is not better than 11.20 us
 11.20 us is not better than 10.92 us
 12.20 us is not better than 11.16 us
 11.20 us is not better than 10.92 us
 11.56 us is not better than 10.56 us
  Config 24: 10.36 us, 7.43 TFLOPS (NEW BEST) 10.16 us {'BLOCK_SIZE_M': 4, 'BLOCK_SIZE_N': 16, 'BLOCK_SIZE_K': 128, 'GROUP_SIZE_M': 1, 'num_warps': 2, 'num_stages': 2, 'waves_per_eu': 1, 'matrix_instr_nonkdim': 16, 'cache_modifier': '.cg', 'NUM_KSPLIT': 4, 'SPLITK_BLOCK_SIZE': 768, 'GROUP_K': 128, 'GROUP_N': 128}
 11.56 us is not better than 10.56 us
 10.56 us is not better than 10.28 us
 11.76 us is not better than 10.72 us
 10.40 us is not better than 10.16 us
 11.52 us is not better than 11.32 us
 11.80 us is not better than 10.84 us
 10.88 us is not better than 10.64 us
 11.96 us is not better than 10.96 us
 10.68 us is not better than 10.48 us
 11.80 us is not better than 10.84 us
 10.92 us is not better than 10.68 us
 12.24 us is not better than 11.24 us
 11.08 us is not better than 10.84 us
 12.20 us is not better than 11.16 us
 11.04 us is not better than 10.80 us
 12.16 us is not better than 11.16 us
 11.04 us is not better than 10.80 us
 11.56 us is not better than 10.56 us
 10.40 us is not better than 10.16 us
 11.56 us is not better than 10.56 us
 10.36 us is not better than 10.16 us
 11.56 us is not better than 10.56 us
 10.36 us is not better than 10.12 us
 11.52 us is not better than 11.32 us
 11.80 us is not better than 10.88 us
 10.92 us is not better than 10.68 us
 11.96 us is not better than 10.96 us
 10.84 us is not better than 10.60 us
 12.00 us is not better than 11.00 us
 10.88 us is not better than 10.64 us
 11.48 us is not better than 11.24 us
 11.40 us is not better than 11.16 us
 11.44 us is not better than 11.16 us
 11.44 us is not better than 11.20 us
 11.40 us is not better than 11.16 us
 11.40 us is not better than 11.16 us
 11.72 us is not better than 11.32 us
 11.68 us is not better than 11.32 us
 12.28 us is not better than 11.24 us
 11.12 us is not better than 10.84 us
 12.28 us is not better than 11.24 us
 11.12 us is not better than 10.84 us
 12.28 us is not better than 11.24 us
 11.12 us is not better than 10.84 us
 11.60 us is not better than 10.60 us
 10.44 us is not better than 10.20 us
 11.64 us is not better than 10.60 us
 10.44 us is not better than 10.16 us
 11.60 us is not better than 10.60 us
 10.64 us is not better than 10.36 us
 11.48 us is not better than 11.32 us
 11.80 us is not better than 10.84 us
 10.68 us is not better than 10.48 us
 11.80 us is not better than 10.84 us
 10.92 us is not better than 10.64 us
 11.96 us is not better than 10.96 us
 10.92 us is not better than 10.64 us
 12.44 us is not better than 11.36 us
 11.36 us is not better than 11.04 us
 12.40 us is not better than 11.36 us
 11.32 us is not better than 11.00 us
 11.32 us is not better than 11.00 us
 11.80 us is not better than 10.72 us
 10.60 us is not better than 10.32 us
 11.80 us is not better than 10.72 us
 10.64 us is not better than 10.36 us
 11.80 us is not better than 10.72 us
 10.68 us is not better than 10.36 us
 11.48 us is not better than 11.28 us
 11.48 us is not better than 11.32 us
 11.80 us is not better than 10.84 us
 10.84 us is not better than 10.60 us
 12.00 us is not better than 11.00 us
 10.88 us is not better than 10.60 us
 11.96 us is not better than 11.00 us
 10.88 us is not better than 10.60 us
 11.52 us is not better than 11.24 us
 11.56 us is not better than 11.28 us
 11.48 us is not better than 11.20 us
 11.48 us is not better than 11.20 us
 11.52 us is not better than 11.24 us
 11.52 us is not better than 11.24 us
 11.72 us is not better than 11.32 us
 11.76 us is not better than 11.32 us
 12.24 us is not better than 11.20 us
 11.08 us is not better than 10.80 us
 12.28 us is not better than 11.24 us
 11.12 us is not better than 10.84 us
 12.28 us is not better than 11.24 us
 11.20 us is not better than 10.88 us
 11.56 us is not better than 10.52 us
 10.48 us is not better than 10.16 us
 11.60 us is not better than 10.56 us
 10.48 us is not better than 10.16 us
 11.60 us is not better than 10.56 us
 10.48 us is not better than 10.16 us
 11.60 us is not better than 11.32 us
 11.60 us is not better than 11.32 us
 11.88 us is not better than 10.88 us
 10.80 us is not better than 10.52 us
 11.84 us is not better than 10.88 us
 10.84 us is not better than 10.56 us
 11.84 us is not better than 10.88 us
 10.84 us is not better than 10.56 us
 12.20 us is not better than 11.20 us
 11.12 us is not better than 10.84 us
 12.28 us is not better than 11.24 us
 11.12 us is not better than 10.84 us
 12.28 us is not better than 11.24 us
 11.12 us is not better than 10.84 us
 11.60 us is not better than 10.52 us
 10.40 us is not better than 10.12 us
 11.60 us is not better than 10.56 us
 10.44 us is not better than 10.16 us
 11.64 us is not better than 10.56 us
 10.44 us is not better than 10.16 us
 11.60 us is not better than 11.32 us
 11.64 us is not better than 11.32 us
 11.84 us is not better than 10.88 us
 10.84 us is not better than 10.56 us
 11.84 us is not better than 10.88 us
 10.84 us is not better than 10.56 us
 11.88 us is not better than 10.88 us
 10.84 us is not better than 10.56 us
 11.32 us is not better than 11.08 us
 11.32 us is not better than 11.08 us
 11.32 us is not better than 11.08 us
 11.96 us is not better than 10.84 us
 10.70 us is not better than 10.48 us
 11.56 us is not better than 11.28 us
 11.56 us is not better than 11.24 us
 11.56 us is not better than 11.20 us
 12.12 us is not better than 10.96 us
 10.92 us is not better than 10.60 us
 11.68 us is not better than 11.28 us
 12.56 us is not better than 11.32 us
 11.32 us is not better than 10.92 us
 11.48 us is not better than 11.08 us
 11.50 us is not better than 11.08 us
 11.64 us is not better than 11.28 us
 12.56 us is not better than 11.32 us
 11.32 us is not better than 10.94 us
 11.48 us is not better than 11.08 us
 11.48 us is not better than 11.12 us
 11.64 us is not better than 11.28 us
 11.56 us is not better than 11.24 us
 11.64 us is not better than 11.24 us
 11.84 us is not better than 10.76 us
 10.76 us is not better than 10.44 us
 11.84 us is not better than 10.76 us
 10.76 us is not better than 10.44 us
 11.84 us is not better than 10.76 us
 10.76 us is not better than 10.44 us
 12.04 us is not better than 11.04 us
 10.96 us is not better than 10.64 us
 12.04 us is not better than 11.04 us
 10.96 us is not better than 10.68 us
 12.08 us is not better than 11.04 us
 10.96 us is not better than 10.68 us
 11.64 us is not better than 11.28 us
 11.60 us is not better than 11.24 us
 11.60 us is not better than 11.24 us
 11.84 us is not better than 10.76 us
 10.76 us is not better than 10.40 us
 11.84 us is not better than 10.76 us
 10.76 us is not better than 10.44 us
 11.84 us is not better than 10.76 us
 10.76 us is not better than 10.44 us
 11.84 us is not better than 10.88 us
 10.80 us is not better than 10.56 us
 11.84 us is not better than 10.88 us
 10.80 us is not better than 10.56 us
 11.84 us is not better than 10.88 us
 10.80 us is not better than 10.56 us
 12.24 us is not better than 11.20 us
 11.00 us is not better than 10.84 us
 11.40 us is not better than 11.20 us
 11.52 us is not better than 11.28 us
 12.08 us is not better than 11.04 us
 10.96 us is not better than 10.68 us
 12.04 us is not better than 11.00 us
 10.88 us is not better than 10.64 us
 12.20 us is not better than 11.04 us
 10.92 us is not better than 10.64 us
 12.28 us is not better than 11.20 us
 11.04 us is not better than 10.84 us
 11.44 us is not better than 11.20 us
 11.48 us is not better than 11.24 us
 12.12 us is not better than 11.04 us
 10.92 us is not better than 10.68 us
 12.04 us is not better than 11.00 us
 10.92 us is not better than 10.64 us
 12.16 us is not better than 11.08 us
 11.00 us is not better than 10.68 us
 11.40 us is not better than 11.00 us
 11.56 us is not better than 11.12 us
 12.12 us is not better than 11.08 us
 11.12 us is not better than 10.76 us
 11.72 us is not better than 11.32 us
 11.68 us is not better than 11.32 us
 12.16 us is not better than 11.16 us
 11.16 us is not better than 10.88 us
 12.16 us is not better than 11.16 us
 11.16 us is not better than 10.88 us
 12.12 us is not better than 11.12 us
 11.16 us is not better than 10.88 us
 12.28 us is not better than 11.24 us
 11.32 us is not better than 10.92 us
 11.72 us is not better than 11.36 us
 11.76 us is not better than 11.36 us
 12.24 us is not better than 11.20 us
 11.16 us is not better than 10.88 us
 12.16 us is not better than 11.16 us
 11.12 us is not better than 10.80 us
 12.16 us is not better than 11.16 us
 11.16 us is not better than 10.88 us
 11.56 us is not better than 11.28 us
