[aiter] import [module_aiter_enum] under /usr/local/lib/python3.12/dist-packages/aiter/jit/module_aiter_enum.so
Device: 
Architecture: gfx950
Tuning M=16, N=3072, K=3072 with 3457 configs...
  Config 0: 46.44 us, 6.70 TFLOPS (NEW BEST) 45.04 us None
  Config 1: 22.00 us, 14.66 TFLOPS (NEW BEST) 20.60 us {'BLOCK_SIZE_M': 4, 'BLOCK_SIZE_N': 16, 'BLOCK_SIZE_K': 128, 'GROUP_SIZE_M': 1, 'num_warps': 2, 'num_stages': 1, 'waves_per_eu': 1, 'matrix_instr_nonkdim': 16, 'cache_modifier': None, 'NUM_KSPLIT': 1, 'SPLITK_BLOCK_SIZE': 3072, 'GROUP_K': 128, 'GROUP_N': 128}
  Config 2: 16.56 us, 19.76 TFLOPS (NEW BEST) 15.28 us {'BLOCK_SIZE_M': 4, 'BLOCK_SIZE_N': 16, 'BLOCK_SIZE_K': 128, 'GROUP_SIZE_M': 1, 'num_warps': 2, 'num_stages': 1, 'waves_per_eu': 1, 'matrix_instr_nonkdim': 16, 'cache_modifier': None, 'NUM_KSPLIT': 2, 'SPLITK_BLOCK_SIZE': 1536, 'GROUP_K': 128, 'GROUP_N': 128}
  Config 3: 13.36 us, 24.43 TFLOPS (NEW BEST) 12.36 us {'BLOCK_SIZE_M': 4, 'BLOCK_SIZE_N': 16, 'BLOCK_SIZE_K': 128, 'GROUP_SIZE_M': 1, 'num_warps': 2, 'num_stages': 1, 'waves_per_eu': 1, 'matrix_instr_nonkdim': 16, 'cache_modifier': None, 'NUM_KSPLIT': 4, 'SPLITK_BLOCK_SIZE': 768, 'GROUP_K': 128, 'GROUP_N': 128}
  Config 6: 12.48 us, 25.08 TFLOPS (NEW BEST) 12.04 us {'BLOCK_SIZE_M': 4, 'BLOCK_SIZE_N': 16, 'BLOCK_SIZE_K': 128, 'GROUP_SIZE_M': 1, 'num_warps': 2, 'num_stages': 1, 'waves_per_eu': 1, 'matrix_instr_nonkdim': 16, 'cache_modifier': '.cg', 'NUM_KSPLIT': 4, 'SPLITK_BLOCK_SIZE': 768, 'GROUP_K': 128, 'GROUP_N': 128}
 13.24 us is not better than 12.24 us
  Config 12: 12.36 us, 25.25 TFLOPS (NEW BEST) 11.96 us {'BLOCK_SIZE_M': 4, 'BLOCK_SIZE_N': 16, 'BLOCK_SIZE_K': 128, 'GROUP_SIZE_M': 1, 'num_warps': 2, 'num_stages': 1, 'waves_per_eu': 2, 'matrix_instr_nonkdim': 16, 'cache_modifier': '.cg', 'NUM_KSPLIT': 4, 'SPLITK_BLOCK_SIZE': 768, 'GROUP_K': 128, 'GROUP_N': 128}
 13.28 us is not better than 12.24 us
 12.40 us is not better than 11.96 us
 12.64 us is not better than 11.64 us
 13.68 us is not better than 13.48 us
  Config 24: 11.56 us, 26.96 TFLOPS (NEW BEST) 11.20 us {'BLOCK_SIZE_M': 4, 'BLOCK_SIZE_N': 16, 'BLOCK_SIZE_K': 128, 'GROUP_SIZE_M': 1, 'num_warps': 2, 'num_stages': 2, 'waves_per_eu': 1, 'matrix_instr_nonkdim': 16, 'cache_modifier': '.cg', 'NUM_KSPLIT': 4, 'SPLITK_BLOCK_SIZE': 768, 'GROUP_K': 128, 'GROUP_N': 128}
 12.44 us is not better than 11.44 us
 11.56 us is not better than 11.20 us
 12.44 us is not better than 11.48 us
  Config 36: 11.52 us, 27.06 TFLOPS (NEW BEST) 11.16 us {'BLOCK_SIZE_M': 4, 'BLOCK_SIZE_N': 16, 'BLOCK_SIZE_K': 128, 'GROUP_SIZE_M': 1, 'num_warps': 2, 'num_stages': 2, 'waves_per_eu': 4, 'matrix_instr_nonkdim': 16, 'cache_modifier': '.cg', 'NUM_KSPLIT': 4, 'SPLITK_BLOCK_SIZE': 768, 'GROUP_K': 128, 'GROUP_N': 128}
 13.20 us is not better than 12.24 us
 12.28 us is not better than 11.88 us
 13.08 us is not better than 12.12 us
 12.20 us is not better than 11.84 us
 13.12 us is not better than 12.12 us
 12.20 us is not better than 11.80 us
 12.44 us is not better than 11.48 us
 11.52 us is not better than 11.16 us
 12.40 us is not better than 11.44 us
 11.68 us is not better than 11.32 us
 12.60 us is not better than 11.60 us
 11.68 us is not better than 11.32 us
 13.00 us is not better than 12.12 us
 12.12 us is not better than 11.80 us
 12.96 us is not better than 12.04 us
 12.00 us is not better than 11.68 us
 12.96 us is not better than 12.04 us
 12.00 us is not better than 11.68 us
 13.00 us is not better than 12.12 us
 12.16 us is not better than 11.80 us
 12.96 us is not better than 12.08 us
 12.08 us is not better than 11.72 us
 12.96 us is not better than 12.04 us
 12.04 us is not better than 11.72 us
 12.72 us is not better than 12.32 us
 13.56 us is not better than 12.48 us
 12.52 us is not better than 12.12 us
 13.56 us is not better than 12.44 us
 12.52 us is not better than 12.12 us
 13.40 us is not better than 12.28 us
 12.28 us is not better than 11.92 us
 12.72 us is not better than 12.32 us
 13.76 us is not better than 12.60 us
 12.64 us is not better than 12.24 us
 13.64 us is not better than 12.60 us
 12.56 us is not better than 12.24 us
 13.36 us is not better than 12.32 us
 12.28 us is not better than 12.04 us
 13.40 us is not better than 12.32 us
 12.28 us is not better than 11.96 us
 12.68 us is not better than 12.36 us
 12.68 us is not better than 12.40 us
 12.72 us is not better than 12.44 us
 13.56 us is not better than 12.56 us
 12.52 us is not better than 12.16 us
 13.44 us is not better than 12.36 us
 12.28 us is not better than 11.96 us
 13.44 us is not better than 12.36 us
 12.32 us is not better than 11.92 us
 13.24 us is not better than 12.16 us
 12.08 us is not better than 11.72 us
 13.72 us is not better than 12.60 us
 12.56 us is not better than 12.20 us
 13.64 us is not better than 12.56 us
 12.52 us is not better than 12.12 us
 13.52 us is not better than 12.48 us
 12.44 us is not better than 12.16 us
 13.40 us is not better than 12.32 us
 12.32 us is not better than 12.08 us
 13.36 us is not better than 12.32 us
 12.28 us is not better than 11.96 us
 12.72 us is not better than 12.40 us
 12.72 us is not better than 12.44 us
 12.76 us is not better than 12.48 us
 13.00 us is not better than 12.60 us
 13.04 us is not better than 12.60 us
 13.00 us is not better than 12.60 us
 12.96 us is not better than 12.52 us
 12.96 us is not better than 12.64 us
 13.00 us is not better than 12.60 us
 13.00 us is not better than 12.56 us
 12.92 us is not better than 12.52 us
 12.68 us is not better than 11.64 us
 11.56 us is not better than 11.28 us
 12.68 us is not better than 11.64 us
 11.56 us is not better than 11.24 us
 12.64 us is not better than 11.60 us
 11.56 us is not better than 11.24 us
 12.04 us is not better than 11.04 us
  Config 600: 10.96 us, 28.28 TFLOPS (NEW BEST) 10.68 us {'BLOCK_SIZE_M': 8, 'BLOCK_SIZE_N': 16, 'BLOCK_SIZE_K': 128, 'GROUP_SIZE_M': 1, 'num_warps': 2, 'num_stages': 2, 'waves_per_eu': 1, 'matrix_instr_nonkdim': 16, 'cache_modifier': '.cg', 'NUM_KSPLIT': 4, 'SPLITK_BLOCK_SIZE': 768, 'GROUP_K': 128, 'GROUP_N': 128}
 12.08 us is not better than 11.04 us
 10.96 us is not better than 10.68 us
 12.12 us is not better than 11.08 us
 10.96 us is not better than 10.68 us
 12.32 us is not better than 11.96 us
 12.32 us is not better than 11.96 us
 12.72 us is not better than 11.72 us
 11.84 us is not better than 11.48 us
 12.68 us is not better than 11.72 us
 11.84 us is not better than 11.44 us
 12.72 us is not better than 11.76 us
 11.84 us is not better than 11.48 us
 12.64 us is not better than 11.64 us
 11.56 us is not better than 11.26 us
 12.64 us is not better than 11.64 us
 11.56 us is not better than 11.24 us
 12.64 us is not better than 11.60 us
 11.56 us is not better than 11.24 us
 12.08 us is not better than 11.08 us
 10.96 us is not better than 10.68 us
 12.08 us is not better than 11.04 us
 10.96 us is not better than 10.68 us
 12.08 us is not better than 11.04 us
 10.96 us is not better than 10.64 us
 12.92 us is not better than 11.92 us
 12.00 us is not better than 11.60 us
 12.88 us is not better than 11.88 us
 12.00 us is not better than 11.56 us
 12.88 us is not better than 11.88 us
 12.04 us is not better than 11.60 us
 12.88 us is not better than 11.80 us
 11.76 us is not better than 11.40 us
 12.98 us is not better than 11.88 us
 11.76 us is not better than 11.48 us
 12.96 us is not better than 11.88 us
 11.80 us is not better than 11.48 us
 12.88 us is not better than 11.84 us
 11.80 us is not better than 11.44 us
 12.92 us is not better than 11.84 us
 11.80 us is not better than 11.48 us
 12.92 us is not better than 11.84 us
 11.80 us is not better than 11.48 us
 12.40 us is not better than 12.00 us
 12.20 us is not better than 11.84 us
 12.16 us is not better than 11.80 us
 12.00 us is not better than 11.68 us
 13.08 us is not better than 11.96 us
 11.84 us is not better than 11.52 us
 12.24 us is not better than 11.88 us
 12.20 us is not better than 11.84 us
 12.12 us is not better than 11.80 us
 11.96 us is not better than 11.64 us
 11.96 us is not better than 11.64 us
 12.36 us is not better than 12.00 us
 12.32 us is not better than 11.96 us
 12.20 us is not better than 11.88 us
 11.96 us is not better than 11.64 us
 12.36 us is not better than 12.00 us
 12.40 us is not better than 12.04 us
 12.32 us is not better than 11.96 us
 12.16 us is not better than 11.80 us
 12.12 us is not better than 11.76 us
 12.40 us is not better than 11.36 us
 11.24 us is not better than 10.96 us
 12.44 us is not better than 11.44 us
 11.32 us is not better than 11.04 us
 12.44 us is not better than 11.44 us
 11.28 us is not better than 11.04 us
 11.96 us is not better than 10.96 us
  Config 1176: 10.84 us, 28.60 TFLOPS (NEW BEST) 10.56 us {'BLOCK_SIZE_M': 16, 'BLOCK_SIZE_N': 16, 'BLOCK_SIZE_K': 128, 'GROUP_SIZE_M': 1, 'num_warps': 2, 'num_stages': 2, 'waves_per_eu': 1, 'matrix_instr_nonkdim': 16, 'cache_modifier': '.cg', 'NUM_KSPLIT': 4, 'SPLITK_BLOCK_SIZE': 768, 'GROUP_K': 128, 'GROUP_N': 128}
 11.96 us is not better than 10.96 us
 10.84 us is not better than 10.56 us
 12.12 us is not better than 11.08 us
 11.04 us is not better than 10.72 us
 12.32 us is not better than 11.92 us
 12.20 us is not better than 11.84 us
 12.16 us is not better than 11.80 us
 12.68 us is not better than 11.60 us
 11.56 us is not better than 11.24 us
 12.64 us is not better than 11.64 us
 11.56 us is not better than 11.24 us
 12.64 us is not better than 11.60 us
 11.60 us is not better than 11.24 us
 12.56 us is not better than 11.56 us
 11.44 us is not better than 11.12 us
 12.60 us is not better than 11.56 us
 11.48 us is not better than 11.16 us
 12.56 us is not better than 11.52 us
 11.52 us is not better than 11.20 us
 12.16 us is not better than 11.08 us
 11.04 us is not better than 10.68 us
 12.16 us is not better than 11.12 us
 11.00 us is not better than 10.68 us
 12.20 us is not better than 11.08 us
 11.00 us is not better than 10.68 us
 12.28 us is not better than 11.88 us
 12.16 us is not better than 11.80 us
 12.24 us is not better than 11.84 us
 12.60 us is not better than 11.56 us
 11.60 us is not better than 11.24 us
 12.64 us is not better than 11.64 us
 11.56 us is not better than 11.20 us
 12.64 us is not better than 11.60 us
 11.60 us is not better than 11.24 us
 12.80 us is not better than 11.76 us
 11.68 us is not better than 11.40 us
 12.80 us is not better than 11.76 us
 11.60 us is not better than 11.32 us
 12.80 us is not better than 11.76 us
 11.60 us is not better than 11.36 us
 12.40 us is not better than 11.32 us
 11.28 us is not better than 11.00 us
 12.80 us is not better than 11.76 us
 11.68 us is not better than 11.40 us
 12.80 us is not better than 11.76 us
 11.64 us is not better than 11.36 us
 12.80 us is not better than 11.76 us
 11.64 us is not better than 11.36 us
 12.48 us is not better than 11.40 us
 11.24 us is not better than 10.96 us
 12.28 us is not better than 11.92 us
 12.28 us is not better than 11.88 us
 12.04 us is not better than 11.68 us
 12.08 us is not better than 11.68 us
 13.04 us is not better than 11.84 us
 11.76 us is not better than 11.40 us
 12.24 us is not better than 11.84 us
 12.12 us is not better than 11.76 us
 12.32 us is not better than 11.92 us
 12.16 us is not better than 11.76 us
 12.12 us is not better than 11.76 us
 12.88 us is not better than 11.72 us
 11.60 us is not better than 11.24 us
 13.04 us is not better than 11.88 us
 11.72 us is not better than 11.40 us
 13.04 us is not better than 11.84 us
 11.76 us is not better than 11.40 us
 12.24 us is not better than 11.88 us
 12.04 us is not better than 11.64 us
 12.04 us is not better than 11.68 us
 13.00 us is not better than 11.84 us
 11.76 us is not better than 11.40 us
 12.24 us is not better than 11.84 us
 12.12 us is not better than 11.72 us
 12.32 us is not better than 11.92 us
 12.32 us is not better than 11.92 us
 13.04 us is not better than 11.84 us
 11.76 us is not better than 11.40 us
 11.92 us is not better than 11.56 us
 11.88 us is not better than 11.52 us
 12.80 us is not better than 11.80 us
 11.68 us is not better than 11.40 us
 12.72 us is not better than 11.72 us
 11.60 us is not better than 11.32 us
 12.72 us is not better than 11.72 us
 11.56 us is not better than 11.32 us
 12.08 us is not better than 11.04 us
 10.92 us is not better than 10.68 us
 12.04 us is not better than 11.04 us
 10.96 us is not better than 10.64 us
 12.04 us is not better than 11.04 us
 10.96 us is not better than 10.64 us
 12.12 us is not better than 11.80 us
 12.08 us is not better than 11.80 us
 12.12 us is not better than 11.80 us
 12.44 us is not better than 11.48 us
 11.40 us is not better than 11.12 us
 12.48 us is not better than 11.48 us
 11.40 us is not better than 11.12 us
 12.60 us is not better than 11.60 us
 11.64 us is not better than 11.32 us
 12.92 us is not better than 11.92 us
 11.88 us is not better than 11.56 us
 12.92 us is not better than 11.88 us
 11.76 us is not better than 11.44 us
 12.88 us is not better than 11.84 us
 11.84 us is not better than 11.48 us
 12.20 us is not better than 11.16 us
 11.12 us is not better than 10.80 us
 12.24 us is not better than 11.16 us
 11.08 us is not better than 10.76 us
 12.24 us is not better than 11.20 us
 11.12 us is not better than 10.84 us
 12.64 us is not better than 11.64 us
 11.60 us is not better than 11.28 us
 12.64 us is not better than 11.64 us
 11.60 us is not better than 11.24 us
 12.64 us is not better than 11.64 us
 11.60 us is not better than 11.28 us
 12.12 us is not better than 11.84 us
 12.00 us is not better than 11.68 us
 12.08 us is not better than 11.76 us
 12.88 us is not better than 11.80 us
 11.76 us is not better than 11.44 us
 12.00 us is not better than 11.68 us
 12.00 us is not better than 11.72 us
 12.12 us is not better than 11.84 us
 11.92 us is not better than 11.68 us
 11.96 us is not better than 11.68 us
 12.60 us is not better than 11.56 us
 11.44 us is not better than 11.16 us
 12.60 us is not better than 11.56 us
 11.40 us is not better than 11.16 us
 12.68 us is not better than 11.60 us
 11.52 us is not better than 11.20 us
 11.92 us is not better than 11.68 us
 11.84 us is not better than 11.56 us
 11.84 us is not better than 11.56 us
 12.72 us is not better than 11.64 us
 11.56 us is not better than 11.28 us
 13.00 us is not better than 11.92 us
 11.84 us is not better than 11.56 us
 11.84 us is not better than 11.60 us
 12.00 us is not better than 11.76 us
 11.92 us is not better than 11.68 us
 11.92 us is not better than 11.68 us
 12.60 us is not better than 11.52 us
 11.40 us is not better than 11.16 us
 12.56 us is not better than 11.56 us
 11.44 us is not better than 11.16 us
 12.64 us is not better than 11.56 us
 11.48 us is not better than 11.20 us
 12.84 us is not better than 11.76 us
 11.80 us is not better than 11.44 us
 12.28 us is not better than 11.84 us
 12.36 us is not better than 11.92 us
 12.80 us is not better than 11.76 us
 11.76 us is not better than 11.40 us
 12.76 us is not better than 11.72 us
 11.80 us is not better than 11.44 us
 12.80 us is not better than 11.76 us
 11.72 us is not better than 11.40 us
 12.72 us is not better than 11.68 us
 11.64 us is not better than 11.32 us
 12.16 us is not better than 11.76 us
 12.12 us is not better than 11.72 us
 12.64 us is not better than 11.64 us
